{"date":"2018-12-31T23:21:13.550Z","fileId":"2018-11","comment":"first commit"},
{"date":"2018-12-31T23:32:29.274Z","fileId":"2018-11","comment":"first commit"},
{"date":"2018-12-31T23:42:28.995Z","fileId":"2018-11","comment":"f"},
{"date":"2018-12-31T23:52:51.101Z","fileId":"2018-11","comment":"f"},
{"date":"2019-01-01T00:10:37.640Z","fileId":"2018-11","comment":"d"},
{"date":"2019-01-01T05:13:27.255Z","fileId":"2019-0","comment":"d"},
{"date":"2019-01-01T05:18:24.252Z","fileId":"2019-0","comment":"f"},
{"date":"2019-01-02T00:36:43.061Z","fileId":"2019-0","comment":"t"},
{"date":"2019-01-02T00:37:15.706Z","fileId":"2019-0","comment":"d"},
{"date":"2019-01-02T00:40:28.735Z","fileId":"2019-0","comment":"d"},
{"date":"2019-01-02T00:40:55.072Z","fileId":"2019-0","comment":"d"},
{"date":"2019-03-20T01:33:22.122Z","fileId":"2019-2","comment":"autosave"},
{"date":"2019-03-20T01:38:22.194Z","fileId":"2019-2","comment":"autosave"},
{"date":"2019-03-20T01:43:22.308Z","fileId":"2019-2","comment":"autosave"},
{"date":"2019-03-20T01:48:22.314Z","fileId":"2019-2","comment":"autosave"},
{"date":"2019-03-20T01:53:22.310Z","fileId":"2019-2","comment":"autosave"},
{"date":"2019-03-20T01:58:22.347Z","fileId":"2019-2","comment":"autosave"},
{"date":"2019-03-20T02:03:22.347Z","fileId":"2019-2","comment":"autosave"},
{"date":"2019-03-20T02:08:22.386Z","fileId":"2019-2","comment":"autosave"},
{"date":"2019-03-20T02:13:22.402Z","fileId":"2019-2","comment":"autosave"},
{"date":"2019-03-20T02:18:22.504Z","fileId":"2019-2","comment":"autosave"},
{"date":"2019-03-20T02:23:22.506Z","fileId":"2019-2","comment":"autosave"},
{"date":"2019-03-20T02:28:22.507Z","fileId":"2019-2","comment":"autosave"},
{"date":"2019-03-20T02:33:22.609Z","fileId":"2019-2","comment":"autosave"},
{"date":"2019-03-20T02:38:22.625Z","fileId":"2019-2","comment":"autosave"},
{"date":"2019-03-20T02:43:22.650Z","fileId":"2019-2","comment":"autosave"},
{"date":"2019-03-20T02:48:22.722Z","fileId":"2019-2","comment":"autosave"},
{"date":"2019-03-20T02:56:08.441Z","fileId":"2019-2","comment":"autosave"},
{"date":"2019-03-20T03:01:08.482Z","fileId":"2019-2","comment":"autosave"},
{"date":"2019-03-20T03:06:08.585Z","fileId":"2019-2","comment":"autosave"},
{"date":"2019-03-20T03:11:08.627Z","fileId":"2019-2","comment":"autosave"},
{"date":"2019-03-20T03:16:08.722Z","fileId":"2019-2","comment":"autosave"},
{"date":"2019-03-20T03:21:08.793Z","fileId":"2019-2","comment":"autosave"},
{"date":"2019-03-20T03:26:08.892Z","fileId":"2019-2","comment":"autosave"},
{"date":"2019-03-20T03:31:08.902Z","fileId":"2019-2","comment":"autosave"},
{"date":"2019-03-20T03:36:08.974Z","fileId":"2019-2","comment":"autosave"},
{"date":"2019-03-20T03:41:09.076Z","fileId":"2019-2","comment":"autosave"},
{"date":"2019-03-20T03:46:09.139Z","fileId":"2019-2","comment":"autosave"},
{"date":"2019-03-21T01:53:46.031Z","fileId":"2019-2","comment":"autosave"},
{"date":"2019-03-21T01:58:46.104Z","fileId":"2019-2","comment":"autosave"},
{"date":"2019-03-21T02:03:46.112Z","fileId":"2019-2","comment":"autosave"},
{"date":"2019-03-21T02:08:46.162Z","fileId":"2019-2","comment":"autosave"},
{"date":"2019-03-21T02:13:46.179Z","fileId":"2019-2","comment":"autosave"},
{"date":"2019-03-21T02:18:46.278Z","fileId":"2019-2","comment":"autosave"},
{"date":"2019-03-21T02:23:46.368Z","fileId":"2019-2","comment":"autosave"},
{"date":"2019-03-21T02:28:46.464Z","fileId":"2019-2","comment":"autosave"},
{"date":"2019-03-21T02:33:46.471Z","fileId":"2019-2","comment":"autosave"},
{"date":"2019-03-21T02:38:46.501Z","fileId":"2019-2","comment":"autosave"},
{"date":"2019-03-21T02:43:46.584Z","fileId":"2019-2","comment":"autosave"},
{"date":"2019-03-21T02:48:46.657Z","fileId":"2019-2","comment":"autosave"},
{"date":"2019-03-21T02:53:46.672Z","fileId":"2019-2","comment":"autosave"},
{"date":"2019-03-21T02:58:46.677Z","fileId":"2019-2","comment":"autosave"},
{"date":"2019-03-21T03:03:46.725Z","fileId":"2019-2","comment":"autosave"},
{"date":"2019-03-21T03:08:46.818Z","fileId":"2019-2","comment":"autosave"},
{"date":"2019-03-21T03:13:46.907Z","fileId":"2019-2","comment":"autosave"},
{"date":"2019-03-21T03:18:46.981Z","fileId":"2019-2","comment":"autosave"},
{"date":"2019-03-21T03:23:47.079Z","fileId":"2019-2","comment":"autosave"},
{"date":"2019-03-21T03:28:47.171Z","fileId":"2019-2","comment":"autosave"},
{"date":"2019-03-21T03:33:47.190Z","fileId":"2019-2","comment":"autosave"},
{"date":"2019-03-21T03:38:47.290Z","fileId":"2019-2","comment":"autosave"},
{"date":"2019-03-21T03:43:47.390Z","fileId":"2019-2","comment":"autosave"},
{"date":"2019-03-21T03:48:47.476Z","fileId":"2019-2","comment":"autosave"},
{"date":"2019-03-21T03:53:47.567Z","fileId":"2019-2","comment":"autosave"},
{"date":"2019-03-21T03:58:47.572Z","fileId":"2019-2","comment":"autosave"},
{"date":"2019-03-21T04:03:47.645Z","fileId":"2019-2","comment":"autosave"},
{"date":"2019-03-21T04:08:47.667Z","fileId":"2019-2","comment":"autosave"},
{"date":"2019-03-21T04:13:47.756Z","fileId":"2019-2","comment":"autosave"},
{"date":"2019-03-21T04:18:47.837Z","fileId":"2019-2","comment":"autosave"},
{"date":"2019-03-21T04:23:47.877Z","fileId":"2019-2","comment":"autosave"},
{"date":"2019-03-21T04:28:47.915Z","fileId":"2019-2","comment":"autosave"},
{"date":"2019-03-21T04:33:48.009Z","fileId":"2019-2","comment":"autosave"},
{"date":"2019-03-21T04:38:48.109Z","fileId":"2019-2","comment":"autosave"},
{"date":"2019-03-21T04:43:48.159Z","fileId":"2019-2","comment":"autosave"},
{"date":"2019-03-21T04:48:48.260Z","fileId":"2019-2","comment":"autosave"},
{"date":"2019-03-21T04:53:48.312Z","fileId":"2019-2","comment":"autosave"},
{"date":"2019-03-21T04:58:48.392Z","fileId":"2019-2","comment":"autosave"},
{"date":"2019-03-21T05:03:48.460Z","fileId":"2019-2","comment":"autosave"},
{"date":"2019-03-21T05:08:48.470Z","fileId":"2019-2","comment":"autosave"},
{"date":"2019-03-21T05:13:48.568Z","fileId":"2019-2","comment":"autosave"},
{"date":"2019-03-21T05:18:48.668Z","fileId":"2019-2","comment":"autosave"},
{"date":"2019-03-21T05:23:48.725Z","fileId":"2019-2","comment":"autosave"},
{"date":"2019-03-21T05:28:48.829Z","fileId":"2019-2","comment":"autosave"},
{"date":"2019-03-21T05:33:48.916Z","fileId":"2019-2","comment":"autosave"},
{"date":"2019-03-21T05:38:49.019Z","fileId":"2019-2","comment":"autosave"},
{"date":"2019-03-21T05:43:49.031Z","fileId":"2019-2","comment":"autosave"},
{"date":"2019-03-21T05:48:49.096Z","fileId":"2019-2","comment":"autosave"},
{"date":"2019-03-21T05:53:49.100Z","fileId":"2019-2","comment":"autosave"},
{"date":"2019-03-21T05:58:49.185Z","fileId":"2019-2","comment":"autosave"},
{"date":"2019-03-21T06:03:49.211Z","fileId":"2019-2","comment":"autosave"},
{"date":"2019-03-21T06:08:49.221Z","fileId":"2019-2","comment":"autosave"},
{"date":"2019-03-21T06:13:49.227Z","fileId":"2019-2","comment":"autosave"},
{"date":"2019-03-21T06:18:49.326Z","fileId":"2019-2","comment":"autosave"},
{"date":"2019-03-21T06:23:49.386Z","fileId":"2019-2","comment":"autosave"},
{"date":"2019-03-21T06:28:49.393Z","fileId":"2019-2","comment":"autosave"},
{"date":"2019-03-21T06:33:49.492Z","fileId":"2019-2","comment":"autosave"},
{"date":"2019-03-21T06:38:49.495Z","fileId":"2019-2","comment":"autosave"},
{"date":"2019-03-21T06:43:49.553Z","fileId":"2019-2","comment":"autosave"},
{"date":"2019-03-21T06:48:49.658Z","fileId":"2019-2","comment":"autosave"},
{"date":"2019-03-21T06:53:49.725Z","fileId":"2019-2","comment":"autosave"},
{"date":"2019-03-21T06:58:49.826Z","fileId":"2019-2","comment":"autosave"},
{"date":"2019-03-21T07:03:49.899Z","fileId":"2019-2","comment":"autosave"},
{"date":"2019-03-21T07:08:49.992Z","fileId":"2019-2","comment":"autosave"},
{"date":"2019-03-21T07:13:50.021Z","fileId":"2019-2","comment":"autosave"},
{"date":"2019-03-21T07:18:50.030Z","fileId":"2019-2","comment":"autosave"},
{"date":"2019-03-21T07:23:50.064Z","fileId":"2019-2","comment":"autosave"},
{"date":"2019-03-21T07:28:50.152Z","fileId":"2019-2","comment":"autosave"},
{"date":"2019-03-21T07:33:50.254Z","fileId":"2019-2","comment":"autosave"},
{"date":"2019-03-21T07:38:50.360Z","fileId":"2019-2","comment":"autosave"},
{"date":"2019-03-21T07:43:50.446Z","fileId":"2019-2","comment":"autosave"},
{"date":"2019-03-21T07:48:50.541Z","fileId":"2019-2","comment":"autosave"},
{"date":"2019-03-21T07:53:50.586Z","fileId":"2019-2","comment":"autosave"},
{"date":"2019-03-21T07:58:50.665Z","fileId":"2019-2","comment":"autosave"},
{"date":"2019-03-21T08:03:50.698Z","fileId":"2019-2","comment":"autosave"},
{"date":"2019-03-21T08:08:50.704Z","fileId":"2019-2","comment":"autosave"},
{"date":"2019-03-21T08:13:50.780Z","fileId":"2019-2","comment":"autosave"},
{"date":"2019-03-21T08:18:50.849Z","fileId":"2019-2","comment":"autosave"},
{"date":"2019-03-21T08:23:50.934Z","fileId":"2019-2","comment":"autosave"},
{"date":"2019-03-21T08:28:51.023Z","fileId":"2019-2","comment":"autosave"},
{"date":"2019-03-21T08:33:51.126Z","fileId":"2019-2","comment":"autosave"},
{"date":"2019-03-21T08:38:51.219Z","fileId":"2019-2","comment":"autosave"},
{"date":"2019-03-21T08:43:51.255Z","fileId":"2019-2","comment":"autosave"},
{"date":"2019-03-21T08:48:51.293Z","fileId":"2019-2","comment":"autosave"},
{"date":"2019-03-21T08:53:51.299Z","fileId":"2019-2","comment":"autosave"},
{"date":"2019-03-21T08:58:51.393Z","fileId":"2019-2","comment":"autosave"},
{"date":"2019-03-21T09:03:51.413Z","fileId":"2019-2","comment":"autosave"},
{"date":"2019-03-21T09:08:51.515Z","fileId":"2019-2","comment":"autosave"},
{"date":"2019-03-21T09:13:51.518Z","fileId":"2019-2","comment":"autosave"},
{"date":"2019-03-21T09:18:51.585Z","fileId":"2019-2","comment":"autosave"},
{"date":"2019-03-21T09:23:51.623Z","fileId":"2019-2","comment":"autosave"},
{"date":"2019-03-21T09:28:51.722Z","fileId":"2019-2","comment":"autosave"},
{"date":"2019-03-21T09:33:51.732Z","fileId":"2019-2","comment":"autosave"},
{"date":"2019-03-21T09:38:51.830Z","fileId":"2019-2","comment":"autosave"},
{"date":"2019-03-21T09:43:51.924Z","fileId":"2019-2","comment":"autosave"},
{"date":"2019-03-21T09:48:52.013Z","fileId":"2019-2","comment":"autosave"},
{"date":"2019-03-21T09:53:52.089Z","fileId":"2019-2","comment":"autosave"},
{"date":"2019-03-21T09:58:52.134Z","fileId":"2019-2","comment":"autosave"},
{"date":"2019-03-21T10:03:52.140Z","fileId":"2019-2","comment":"autosave"},
{"date":"2019-03-21T10:08:52.239Z","fileId":"2019-2","comment":"autosave"},
{"date":"2019-03-21T10:13:52.312Z","fileId":"2019-2","comment":"autosave"},
{"date":"2019-03-21T10:18:52.316Z","fileId":"2019-2","comment":"autosave"},
{"date":"2019-03-21T10:23:52.343Z","fileId":"2019-2","comment":"autosave"},
{"date":"2019-03-21T10:28:52.433Z","fileId":"2019-2","comment":"autosave"},
{"date":"2019-03-21T10:33:52.523Z","fileId":"2019-2","comment":"autosave"},
{"date":"2019-03-21T10:38:52.599Z","fileId":"2019-2","comment":"autosave"},
{"date":"2019-03-21T10:43:52.624Z","fileId":"2019-2","comment":"autosave"},
{"date":"2019-03-21T10:48:52.724Z","fileId":"2019-2","comment":"autosave"},
{"date":"2019-03-21T10:53:52.774Z","fileId":"2019-2","comment":"autosave"},
{"date":"2019-03-21T10:58:52.873Z","fileId":"2019-2","comment":"autosave"},
{"date":"2019-03-21T11:03:52.973Z","fileId":"2019-2","comment":"autosave"},
{"date":"2019-03-21T11:08:53.077Z","fileId":"2019-2","comment":"autosave"},
{"date":"2019-03-21T11:13:53.176Z","fileId":"2019-2","comment":"autosave"},
{"date":"2019-03-21T11:18:53.259Z","fileId":"2019-2","comment":"autosave"},
{"date":"2019-03-21T11:23:53.363Z","fileId":"2019-2","comment":"autosave"},
{"date":"2019-03-21T11:28:53.418Z","fileId":"2019-2","comment":"autosave"},
{"date":"2019-03-21T11:33:53.421Z","fileId":"2019-2","comment":"autosave"},
{"date":"2019-03-21T11:38:53.456Z","fileId":"2019-2","comment":"autosave"},
{"date":"2019-03-21T11:43:53.508Z","fileId":"2019-2","comment":"autosave"},
{"date":"2019-03-21T11:48:53.603Z","fileId":"2019-2","comment":"autosave"},
{"date":"2019-03-21T11:53:53.669Z","fileId":"2019-2","comment":"autosave"},
{"date":"2019-03-21T11:58:53.772Z","fileId":"2019-2","comment":"autosave"},
{"date":"2019-03-21T12:03:53.871Z","fileId":"2019-2","comment":"autosave"},
{"date":"2019-03-21T12:08:53.958Z","fileId":"2019-2","comment":"autosave"},
{"date":"2019-03-21T12:13:54.045Z","fileId":"2019-2","comment":"autosave"},
{"date":"2019-03-21T12:18:54.148Z","fileId":"2019-2","comment":"autosave"},
{"date":"2019-03-21T12:23:54.235Z","fileId":"2019-2","comment":"autosave"},
{"date":"2019-03-21T12:28:54.316Z","fileId":"2019-2","comment":"autosave"},
{"date":"2019-03-21T12:33:54.385Z","fileId":"2019-2","comment":"autosave"},
{"date":"2019-03-21T12:38:54.458Z","fileId":"2019-2","comment":"autosave"},
{"date":"2019-03-21T12:43:54.542Z","fileId":"2019-2","comment":"autosave"},
{"date":"2019-03-21T12:48:54.626Z","fileId":"2019-2","comment":"autosave"},
{"date":"2019-03-21T12:53:54.721Z","fileId":"2019-2","comment":"autosave"},
{"date":"2019-03-21T12:58:54.817Z","fileId":"2019-2","comment":"autosave"},
{"date":"2019-03-21T13:03:54.906Z","fileId":"2019-2","comment":"autosave"},
{"date":"2019-03-21T13:08:55.005Z","fileId":"2019-2","comment":"autosave"},
{"date":"2019-03-21T13:13:55.100Z","fileId":"2019-2","comment":"autosave"},
{"date":"2019-03-21T13:18:55.143Z","fileId":"2019-2","comment":"autosave"},
{"date":"2019-03-21T13:23:55.220Z","fileId":"2019-2","comment":"autosave"},
{"date":"2019-03-21T13:28:55.311Z","fileId":"2019-2","comment":"autosave"},
{"date":"2019-03-21T13:33:55.393Z","fileId":"2019-2","comment":"autosave"},
{"date":"2019-03-21T13:38:55.480Z","fileId":"2019-2","comment":"autosave"},
{"date":"2019-03-21T13:43:55.543Z","fileId":"2019-2","comment":"autosave"},
{"date":"2019-03-21T13:48:55.618Z","fileId":"2019-2","comment":"autosave"},
{"date":"2019-03-21T13:53:55.740Z","fileId":"2019-2","comment":"autosave"},
{"date":"2019-03-21T13:58:55.830Z","fileId":"2019-2","comment":"autosave"},
{"date":"2019-03-21T14:03:55.919Z","fileId":"2019-2","comment":"autosave"},
{"date":"2019-03-21T14:08:55.998Z","fileId":"2019-2","comment":"autosave"},
{"date":"2019-03-21T14:13:56.078Z","fileId":"2019-2","comment":"autosave"},
{"date":"2019-03-21T14:18:56.095Z","fileId":"2019-2","comment":"autosave"},
{"date":"2019-03-21T14:23:56.195Z","fileId":"2019-2","comment":"autosave"},
{"date":"2019-03-21T14:28:56.274Z","fileId":"2019-2","comment":"autosave"},
{"date":"2019-03-21T14:33:56.344Z","fileId":"2019-2","comment":"autosave"},
{"date":"2019-03-21T14:38:56.437Z","fileId":"2019-2","comment":"autosave"},
{"date":"2019-03-21T14:43:56.456Z","fileId":"2019-2","comment":"autosave"},
{"date":"2019-03-21T14:48:56.502Z","fileId":"2019-2","comment":"autosave"},
{"date":"2019-03-21T14:53:56.569Z","fileId":"2019-2","comment":"autosave"},
{"date":"2019-03-21T14:58:56.665Z","fileId":"2019-2","comment":"autosave"},
{"date":"2019-03-21T15:03:56.741Z","fileId":"2019-2","comment":"autosave"},
{"date":"2019-03-21T15:08:56.831Z","fileId":"2019-2","comment":"autosave"},
{"date":"2019-03-21T15:13:56.904Z","fileId":"2019-2","comment":"autosave"},
{"date":"2019-03-21T15:18:57.005Z","fileId":"2019-2","comment":"autosave"},
{"date":"2019-03-21T15:23:57.076Z","fileId":"2019-2","comment":"autosave"},
{"date":"2019-03-21T15:28:57.165Z","fileId":"2019-2","comment":"autosave"},
{"date":"2019-03-21T15:33:57.228Z","fileId":"2019-2","comment":"autosave"},
{"date":"2019-03-21T15:38:57.250Z","fileId":"2019-2","comment":"autosave"},
{"date":"2019-03-21T15:43:57.293Z","fileId":"2019-2","comment":"autosave"},
{"date":"2019-03-21T15:48:57.379Z","fileId":"2019-2","comment":"autosave"},
{"date":"2019-03-21T15:53:57.469Z","fileId":"2019-2","comment":"autosave"},
{"date":"2019-03-21T15:58:57.567Z","fileId":"2019-2","comment":"autosave"},
{"date":"2019-03-21T16:03:57.660Z","fileId":"2019-2","comment":"autosave"},
{"date":"2019-03-21T16:08:57.764Z","fileId":"2019-2","comment":"autosave"},
{"date":"2019-03-21T16:13:57.855Z","fileId":"2019-2","comment":"autosave"},
{"date":"2019-03-21T16:18:57.923Z","fileId":"2019-2","comment":"autosave"},
{"date":"2019-03-21T16:23:57.998Z","fileId":"2019-2","comment":"autosave"},
{"date":"2019-03-21T16:28:58.096Z","fileId":"2019-2","comment":"autosave"},
{"date":"2019-03-21T16:33:58.164Z","fileId":"2019-2","comment":"autosave"},
{"date":"2019-03-21T16:38:58.249Z","fileId":"2019-2","comment":"autosave"},
{"date":"2019-03-21T16:43:58.351Z","fileId":"2019-2","comment":"autosave"},
{"date":"2019-03-21T16:48:58.424Z","fileId":"2019-2","comment":"autosave"},
{"date":"2019-03-21T16:53:58.429Z","fileId":"2019-2","comment":"autosave"},
{"date":"2019-03-21T16:58:58.531Z","fileId":"2019-2","comment":"autosave"},
{"date":"2019-03-21T17:03:58.628Z","fileId":"2019-2","comment":"autosave"},
{"date":"2019-03-21T17:08:58.729Z","fileId":"2019-2","comment":"autosave"},
{"date":"2019-03-21T17:13:58.763Z","fileId":"2019-2","comment":"autosave"},
{"date":"2019-03-21T17:18:58.807Z","fileId":"2019-2","comment":"autosave"},
{"date":"2019-03-21T17:23:58.881Z","fileId":"2019-2","comment":"autosave"},
{"date":"2019-03-21T17:28:58.900Z","fileId":"2019-2","comment":"autosave"},
{"date":"2019-03-21T17:33:58.999Z","fileId":"2019-2","comment":"autosave"},
{"date":"2019-03-21T17:38:59.092Z","fileId":"2019-2","comment":"autosave"},
{"date":"2019-03-21T17:43:59.172Z","fileId":"2019-2","comment":"autosave"},
{"date":"2019-03-21T17:48:59.176Z","fileId":"2019-2","comment":"autosave"},
{"date":"2019-03-21T17:53:59.203Z","fileId":"2019-2","comment":"autosave"},
{"date":"2019-03-21T17:58:59.275Z","fileId":"2019-2","comment":"autosave"},
{"date":"2019-03-21T18:03:59.298Z","fileId":"2019-2","comment":"autosave"},
{"date":"2019-03-21T18:08:59.387Z","fileId":"2019-2","comment":"autosave"},
{"date":"2019-03-21T18:13:59.458Z","fileId":"2019-2","comment":"autosave"},
{"date":"2019-03-21T18:18:59.555Z","fileId":"2019-2","comment":"autosave"},
{"date":"2019-03-21T18:23:59.562Z","fileId":"2019-2","comment":"autosave"},
{"date":"2019-03-21T18:28:59.659Z","fileId":"2019-2","comment":"autosave"},
{"date":"2019-03-21T18:33:59.753Z","fileId":"2019-2","comment":"autosave"},
{"date":"2019-03-21T18:38:59.828Z","fileId":"2019-2","comment":"autosave"},
{"date":"2019-03-21T18:43:59.923Z","fileId":"2019-2","comment":"autosave"},
{"date":"2019-03-21T18:49:00.005Z","fileId":"2019-2","comment":"autosave"},
{"date":"2019-03-21T18:54:00.079Z","fileId":"2019-2","comment":"autosave"},
{"date":"2019-03-21T18:59:00.178Z","fileId":"2019-2","comment":"autosave"},
{"date":"2019-03-21T19:04:00.221Z","fileId":"2019-2","comment":"autosave"},
{"date":"2019-03-21T19:09:00.257Z","fileId":"2019-2","comment":"autosave"},
{"date":"2019-03-21T19:14:00.279Z","fileId":"2019-2","comment":"autosave"},
{"date":"2019-03-21T19:19:00.357Z","fileId":"2019-2","comment":"autosave"},
{"date":"2019-03-21T19:24:00.454Z","fileId":"2019-2","comment":"autosave"},
{"date":"2019-03-21T19:29:00.515Z","fileId":"2019-2","comment":"autosave"},
{"date":"2019-03-21T19:34:00.567Z","fileId":"2019-2","comment":"autosave"},
{"date":"2019-03-21T19:39:00.639Z","fileId":"2019-2","comment":"autosave"},
{"date":"2019-03-21T19:44:00.721Z","fileId":"2019-2","comment":"autosave"},
{"date":"2019-03-21T19:49:00.818Z","fileId":"2019-2","comment":"autosave"},
{"date":"2019-03-21T19:54:00.893Z","fileId":"2019-2","comment":"autosave"},
{"date":"2019-03-21T19:59:00.959Z","fileId":"2019-2","comment":"autosave"},
{"date":"2019-03-21T20:04:01.041Z","fileId":"2019-2","comment":"autosave"},
{"date":"2019-03-21T20:09:01.117Z","fileId":"2019-2","comment":"autosave"},
{"date":"2019-03-21T20:14:01.210Z","fileId":"2019-2","comment":"autosave"},
{"date":"2019-03-21T20:19:01.289Z","fileId":"2019-2","comment":"autosave"},
{"date":"2019-03-21T20:24:01.311Z","fileId":"2019-2","comment":"autosave"},
{"date":"2019-03-21T20:29:01.381Z","fileId":"2019-2","comment":"autosave"},
{"date":"2019-03-21T20:34:01.395Z","fileId":"2019-2","comment":"autosave"},
{"date":"2019-03-21T20:39:01.492Z","fileId":"2019-2","comment":"autosave"},
{"date":"2019-03-21T20:44:01.579Z","fileId":"2019-2","comment":"autosave"},
{"date":"2019-03-21T20:49:01.648Z","fileId":"2019-2","comment":"autosave"},
{"date":"2019-03-21T20:54:01.744Z","fileId":"2019-2","comment":"autosave"},
{"date":"2019-03-21T20:59:01.815Z","fileId":"2019-2","comment":"autosave"},
{"date":"2019-03-21T21:04:01.820Z","fileId":"2019-2","comment":"autosave"},
{"date":"2019-03-21T21:09:01.831Z","fileId":"2019-2","comment":"autosave"},
{"date":"2019-03-21T21:14:01.876Z","fileId":"2019-2","comment":"autosave"},
{"date":"2019-03-21T21:19:01.879Z","fileId":"2019-2","comment":"autosave"},
{"date":"2019-03-21T21:24:01.978Z","fileId":"2019-2","comment":"autosave"},
{"date":"2019-03-21T21:29:01.981Z","fileId":"2019-2","comment":"autosave"},
{"date":"2019-03-21T21:34:02.083Z","fileId":"2019-2","comment":"autosave"},
{"date":"2019-03-21T21:39:02.115Z","fileId":"2019-2","comment":"autosave"},
{"date":"2019-03-21T21:44:02.193Z","fileId":"2019-2","comment":"autosave"},
{"date":"2019-03-21T21:49:02.295Z","fileId":"2019-2","comment":"autosave"},
{"date":"2019-03-21T21:54:02.381Z","fileId":"2019-2","comment":"autosave"},
{"date":"2019-03-21T21:59:02.427Z","fileId":"2019-2","comment":"autosave"},
{"date":"2019-03-21T22:04:02.429Z","fileId":"2019-2","comment":"autosave"},
{"date":"2019-03-21T22:09:02.491Z","fileId":"2019-2","comment":"autosave"},
{"date":"2019-03-21T22:14:02.585Z","fileId":"2019-2","comment":"autosave"},
{"date":"2019-03-21T22:19:02.649Z","fileId":"2019-2","comment":"autosave"},
{"date":"2019-03-21T22:24:02.749Z","fileId":"2019-2","comment":"autosave"},
{"date":"2019-03-21T22:29:02.790Z","fileId":"2019-2","comment":"autosave"},
{"date":"2019-03-21T22:34:02.890Z","fileId":"2019-2","comment":"autosave"},
{"date":"2019-03-21T22:39:02.919Z","fileId":"2019-2","comment":"autosave"},
{"date":"2019-03-21T22:44:03.018Z","fileId":"2019-2","comment":"autosave"},
{"date":"2019-03-21T22:49:03.089Z","fileId":"2019-2","comment":"autosave"},
{"date":"2019-03-21T22:54:03.192Z","fileId":"2019-2","comment":"autosave"},
{"date":"2019-03-21T22:59:03.206Z","fileId":"2019-2","comment":"autosave"},
{"date":"2019-03-21T23:04:03.287Z","fileId":"2019-2","comment":"autosave"},
{"date":"2019-03-21T23:09:03.378Z","fileId":"2019-2","comment":"autosave"},
{"date":"2019-03-21T23:14:03.468Z","fileId":"2019-2","comment":"autosave"},
{"date":"2019-03-21T23:19:03.562Z","fileId":"2019-2","comment":"autosave"},
{"date":"2019-03-21T23:24:03.607Z","fileId":"2019-2","comment":"autosave"},
{"date":"2019-03-21T23:29:03.693Z","fileId":"2019-2","comment":"autosave"},
{"date":"2019-03-21T23:34:03.782Z","fileId":"2019-2","comment":"autosave"},
{"date":"2019-03-21T23:39:03.848Z","fileId":"2019-2","comment":"autosave"},
{"date":"2019-03-21T23:44:03.853Z","fileId":"2019-2","comment":"autosave"},
{"date":"2019-03-21T23:49:03.940Z","fileId":"2019-2","comment":"autosave"},
{"date":"2019-03-21T23:54:03.995Z","fileId":"2019-2","comment":"autosave"},
{"date":"2019-03-21T23:59:04.094Z","fileId":"2019-2","comment":"autosave"},
{"date":"2019-03-22T00:04:04.195Z","fileId":"2019-2","comment":"autosave"},
{"date":"2019-03-22T00:09:04.233Z","fileId":"2019-2","comment":"autosave"},
{"date":"2019-03-22T00:14:04.285Z","fileId":"2019-2","comment":"autosave"},
{"date":"2019-03-22T00:19:04.373Z","fileId":"2019-2","comment":"autosave"},
{"date":"2019-03-22T00:24:04.475Z","fileId":"2019-2","comment":"autosave"},
{"date":"2019-03-22T00:29:04.534Z","fileId":"2019-2","comment":"autosave"},
{"date":"2019-03-22T00:34:04.630Z","fileId":"2019-2","comment":"autosave"},
{"date":"2019-03-22T00:39:04.714Z","fileId":"2019-2","comment":"autosave"},
{"date":"2019-03-22T00:44:04.818Z","fileId":"2019-2","comment":"autosave"},
{"date":"2019-03-22T00:49:04.914Z","fileId":"2019-2","comment":"autosave"},
{"date":"2019-03-22T00:54:05.010Z","fileId":"2019-2","comment":"autosave"},
{"date":"2019-03-22T00:59:05.092Z","fileId":"2019-2","comment":"autosave"},
{"date":"2019-03-22T01:04:05.190Z","fileId":"2019-2","comment":"autosave"},
{"date":"2019-03-22T01:09:05.279Z","fileId":"2019-2","comment":"autosave"},
{"date":"2019-03-22T01:14:05.363Z","fileId":"2019-2","comment":"autosave"},
{"date":"2019-03-22T01:19:05.439Z","fileId":"2019-2","comment":"autosave"},
{"date":"2019-03-22T01:24:05.536Z","fileId":"2019-2","comment":"autosave"},
{"date":"2019-03-22T01:29:05.622Z","fileId":"2019-2","comment":"autosave"},
{"date":"2019-03-22T01:34:05.724Z","fileId":"2019-2","comment":"autosave"},
{"date":"2019-03-22T01:39:05.815Z","fileId":"2019-2","comment":"autosave"},
{"date":"2019-03-22T01:44:05.831Z","fileId":"2019-2","comment":"autosave"},
{"date":"2019-03-22T01:49:05.919Z","fileId":"2019-2","comment":"autosave"},
{"date":"2019-03-22T01:54:06.021Z","fileId":"2019-2","comment":"autosave"},
{"date":"2019-03-22T01:59:06.119Z","fileId":"2019-2","comment":"autosave"},
{"date":"2019-03-22T02:04:06.207Z","fileId":"2019-2","comment":"autosave"},
{"date":"2019-03-22T02:09:06.234Z","fileId":"2019-2","comment":"autosave"},
{"date":"2019-03-22T02:14:06.293Z","fileId":"2019-2","comment":"autosave"},
{"date":"2019-03-22T02:19:06.325Z","fileId":"2019-2","comment":"autosave"},
{"date":"2019-03-22T02:24:06.428Z","fileId":"2019-2","comment":"autosave"},
{"date":"2019-03-22T02:29:06.496Z","fileId":"2019-2","comment":"autosave"},
{"date":"2019-03-22T02:34:06.593Z","fileId":"2019-2","comment":"autosave"},
{"date":"2019-03-22T02:39:06.691Z","fileId":"2019-2","comment":"autosave"},
{"date":"2019-03-22T02:44:06.773Z","fileId":"2019-2","comment":"autosave"},
{"date":"2019-03-22T02:49:06.836Z","fileId":"2019-2","comment":"autosave"},
{"date":"2019-03-22T02:54:06.891Z","fileId":"2019-2","comment":"autosave"},
{"date":"2019-03-22T02:59:06.985Z","fileId":"2019-2","comment":"autosave"},
{"date":"2019-03-22T03:04:07.035Z","fileId":"2019-2","comment":"autosave"},
{"date":"2019-03-22T03:09:07.093Z","fileId":"2019-2","comment":"autosave"},
{"date":"2019-03-22T03:14:07.170Z","fileId":"2019-2","comment":"autosave"},
{"date":"2019-03-22T03:19:07.189Z","fileId":"2019-2","comment":"autosave"},
{"date":"2019-03-22T03:24:07.202Z","fileId":"2019-2","comment":"autosave"},
{"date":"2019-03-22T03:29:07.301Z","fileId":"2019-2","comment":"autosave"},
{"date":"2019-03-22T03:34:07.400Z","fileId":"2019-2","comment":"autosave"},
{"date":"2019-03-22T03:39:07.464Z","fileId":"2019-2","comment":"autosave"},
{"date":"2019-03-22T03:44:07.556Z","fileId":"2019-2","comment":"autosave"},
{"date":"2019-03-22T03:49:07.658Z","fileId":"2019-2","comment":"autosave"},
{"date":"2019-03-22T03:54:07.774Z","fileId":"2019-2","comment":"autosave"},
{"date":"2019-03-22T03:59:07.853Z","fileId":"2019-2","comment":"autosave"},
{"date":"2019-03-22T04:04:07.906Z","fileId":"2019-2","comment":"autosave"},
{"date":"2019-03-22T04:09:07.993Z","fileId":"2019-2","comment":"autosave"},
{"date":"2019-03-22T04:14:08.072Z","fileId":"2019-2","comment":"autosave"},
{"date":"2019-03-22T04:19:08.179Z","fileId":"2019-2","comment":"autosave"},
{"date":"2019-03-22T04:24:08.258Z","fileId":"2019-2","comment":"autosave"},
{"date":"2019-03-22T04:29:08.358Z","fileId":"2019-2","comment":"autosave"},
{"date":"2019-03-22T04:34:08.457Z","fileId":"2019-2","comment":"autosave"},
{"date":"2019-03-22T04:39:08.531Z","fileId":"2019-2","comment":"autosave"},
{"date":"2019-03-22T04:44:08.538Z","fileId":"2019-2","comment":"autosave"},
{"date":"2019-03-22T04:49:08.628Z","fileId":"2019-2","comment":"autosave"},
{"date":"2019-03-22T04:54:08.723Z","fileId":"2019-2","comment":"autosave"},
{"date":"2019-03-22T04:59:08.813Z","fileId":"2019-2","comment":"autosave"},
{"date":"2019-03-22T05:04:08.912Z","fileId":"2019-2","comment":"autosave"},
{"date":"2019-03-22T05:09:08.968Z","fileId":"2019-2","comment":"autosave"},
{"date":"2019-03-22T05:14:09.044Z","fileId":"2019-2","comment":"autosave"},
{"date":"2019-03-22T05:19:09.098Z","fileId":"2019-2","comment":"autosave"},
{"date":"2019-03-22T05:24:09.160Z","fileId":"2019-2","comment":"autosave"},
{"date":"2019-03-22T05:29:09.158Z","fileId":"2019-2","comment":"autosave"},
{"date":"2019-03-22T05:34:09.258Z","fileId":"2019-2","comment":"autosave"},
{"date":"2019-03-22T05:39:09.332Z","fileId":"2019-2","comment":"autosave"},
{"date":"2019-03-22T05:44:09.435Z","fileId":"2019-2","comment":"autosave"},
{"date":"2019-03-22T05:49:09.501Z","fileId":"2019-2","comment":"autosave"},
{"date":"2019-03-22T05:54:09.506Z","fileId":"2019-2","comment":"autosave"},
{"date":"2019-03-22T05:59:09.606Z","fileId":"2019-2","comment":"autosave"},
{"date":"2019-03-22T06:04:09.685Z","fileId":"2019-2","comment":"autosave"},
{"date":"2019-03-22T06:09:09.721Z","fileId":"2019-2","comment":"autosave"},
{"date":"2019-03-22T06:14:09.819Z","fileId":"2019-2","comment":"autosave"},
{"date":"2019-03-22T06:19:09.871Z","fileId":"2019-2","comment":"autosave"},
{"date":"2019-03-22T06:24:09.961Z","fileId":"2019-2","comment":"autosave"},
{"date":"2019-03-22T06:29:10.038Z","fileId":"2019-2","comment":"autosave"},
{"date":"2019-03-22T06:34:10.104Z","fileId":"2019-2","comment":"autosave"},
{"date":"2019-03-22T06:39:10.110Z","fileId":"2019-2","comment":"autosave"},
{"date":"2019-03-22T06:44:10.205Z","fileId":"2019-2","comment":"autosave"},
{"date":"2019-03-22T06:49:10.274Z","fileId":"2019-2","comment":"autosave"},
{"date":"2019-03-22T06:54:10.265Z","fileId":"2019-2","comment":"autosave"},
{"date":"2019-03-22T06:59:10.340Z","fileId":"2019-2","comment":"autosave"},
{"date":"2019-03-22T07:04:10.438Z","fileId":"2019-2","comment":"autosave"},
{"date":"2019-03-22T07:09:10.522Z","fileId":"2019-2","comment":"autosave"},
{"date":"2019-03-22T07:14:10.623Z","fileId":"2019-2","comment":"autosave"},
{"date":"2019-03-22T07:19:10.724Z","fileId":"2019-2","comment":"autosave"},
{"date":"2019-03-22T07:24:10.779Z","fileId":"2019-2","comment":"autosave"},
{"date":"2019-03-22T07:29:10.807Z","fileId":"2019-2","comment":"autosave"},
{"date":"2019-03-22T07:34:10.888Z","fileId":"2019-2","comment":"autosave"},
{"date":"2019-03-22T07:39:10.892Z","fileId":"2019-2","comment":"autosave"},
{"date":"2019-03-22T07:44:10.960Z","fileId":"2019-2","comment":"autosave"},
{"date":"2019-03-22T07:49:11.055Z","fileId":"2019-2","comment":"autosave"},
{"date":"2019-03-22T07:54:11.136Z","fileId":"2019-2","comment":"autosave"},
{"date":"2019-03-22T07:59:11.232Z","fileId":"2019-2","comment":"autosave"},
{"date":"2019-03-22T08:04:11.296Z","fileId":"2019-2","comment":"autosave"},
{"date":"2019-03-22T08:09:11.389Z","fileId":"2019-2","comment":"autosave"},
{"date":"2019-03-22T08:14:11.396Z","fileId":"2019-2","comment":"autosave"},
{"date":"2019-03-22T08:19:11.400Z","fileId":"2019-2","comment":"autosave"},
{"date":"2019-03-22T08:24:11.488Z","fileId":"2019-2","comment":"autosave"},
{"date":"2019-03-22T08:29:11.482Z","fileId":"2019-2","comment":"autosave"},
{"date":"2019-03-22T08:34:11.562Z","fileId":"2019-2","comment":"autosave"},
{"date":"2019-03-22T08:39:11.651Z","fileId":"2019-2","comment":"autosave"},
{"date":"2019-03-22T08:44:11.751Z","fileId":"2019-2","comment":"autosave"},
{"date":"2019-03-22T08:49:11.825Z","fileId":"2019-2","comment":"autosave"},
{"date":"2019-03-22T08:54:11.925Z","fileId":"2019-2","comment":"autosave"},
{"date":"2019-03-22T08:59:12.011Z","fileId":"2019-2","comment":"autosave"},
{"date":"2019-03-22T09:04:12.110Z","fileId":"2019-2","comment":"autosave"},
{"date":"2019-03-22T09:09:12.214Z","fileId":"2019-2","comment":"autosave"},
{"date":"2019-03-22T09:14:12.292Z","fileId":"2019-2","comment":"autosave"},
{"date":"2019-03-22T09:19:12.393Z","fileId":"2019-2","comment":"autosave"},
{"date":"2019-03-22T09:24:12.494Z","fileId":"2019-2","comment":"autosave"},
{"date":"2019-03-22T09:29:12.566Z","fileId":"2019-2","comment":"autosave"},
{"date":"2019-03-22T09:34:12.626Z","fileId":"2019-2","comment":"autosave"},
{"date":"2019-03-22T09:39:12.700Z","fileId":"2019-2","comment":"autosave"},
{"date":"2019-03-22T09:44:12.723Z","fileId":"2019-2","comment":"autosave"},
{"date":"2019-03-22T09:49:12.809Z","fileId":"2019-2","comment":"autosave"},
{"date":"2019-03-22T09:54:12.894Z","fileId":"2019-2","comment":"autosave"},
{"date":"2019-03-22T09:59:12.995Z","fileId":"2019-2","comment":"autosave"},
{"date":"2019-03-22T10:04:13.093Z","fileId":"2019-2","comment":"autosave"},
{"date":"2019-03-22T10:09:13.186Z","fileId":"2019-2","comment":"autosave"},
{"date":"2019-03-22T10:14:13.281Z","fileId":"2019-2","comment":"autosave"},
{"date":"2019-03-22T10:19:13.304Z","fileId":"2019-2","comment":"autosave"},
{"date":"2019-03-22T10:24:13.399Z","fileId":"2019-2","comment":"autosave"},
{"date":"2019-03-22T10:29:13.472Z","fileId":"2019-2","comment":"autosave"},
{"date":"2019-03-22T10:34:13.540Z","fileId":"2019-2","comment":"autosave"},
{"date":"2019-03-22T10:39:13.628Z","fileId":"2019-2","comment":"autosave"},
{"date":"2019-03-22T10:44:13.729Z","fileId":"2019-2","comment":"autosave"},
{"date":"2019-03-22T10:49:13.807Z","fileId":"2019-2","comment":"autosave"},
{"date":"2019-03-22T10:54:13.851Z","fileId":"2019-2","comment":"autosave"},
{"date":"2019-03-22T10:59:13.953Z","fileId":"2019-2","comment":"autosave"},
{"date":"2019-03-22T11:04:14.004Z","fileId":"2019-2","comment":"autosave"},
{"date":"2019-03-22T11:09:14.076Z","fileId":"2019-2","comment":"autosave"},
{"date":"2019-03-22T11:14:14.167Z","fileId":"2019-2","comment":"autosave"},
{"date":"2019-03-22T11:19:14.185Z","fileId":"2019-2","comment":"autosave"},
{"date":"2019-03-22T11:24:14.266Z","fileId":"2019-2","comment":"autosave"},
{"date":"2019-03-22T11:29:14.360Z","fileId":"2019-2","comment":"autosave"},
{"date":"2019-03-22T11:34:14.456Z","fileId":"2019-2","comment":"autosave"},
{"date":"2019-03-22T11:39:14.532Z","fileId":"2019-2","comment":"autosave"},
{"date":"2019-03-22T11:44:14.573Z","fileId":"2019-2","comment":"autosave"},
{"date":"2019-03-22T11:49:14.611Z","fileId":"2019-2","comment":"autosave"},
{"date":"2019-03-22T11:54:14.611Z","fileId":"2019-2","comment":"autosave"},
{"date":"2019-03-22T11:59:14.679Z","fileId":"2019-2","comment":"autosave"},
{"date":"2019-03-22T12:04:14.722Z","fileId":"2019-2","comment":"autosave"},
{"date":"2019-03-22T12:09:14.827Z","fileId":"2019-2","comment":"autosave"},
{"date":"2019-03-22T12:14:14.834Z","fileId":"2019-2","comment":"autosave"},
{"date":"2019-03-22T12:19:14.891Z","fileId":"2019-2","comment":"autosave"},
{"date":"2019-03-22T12:24:14.982Z","fileId":"2019-2","comment":"autosave"},
{"date":"2019-03-22T12:29:15.077Z","fileId":"2019-2","comment":"autosave"},
{"date":"2019-03-22T12:34:15.165Z","fileId":"2019-2","comment":"autosave"},
{"date":"2019-03-22T12:39:15.237Z","fileId":"2019-2","comment":"autosave"},
{"date":"2019-03-22T12:44:15.311Z","fileId":"2019-2","comment":"autosave"},
{"date":"2019-03-22T12:49:15.381Z","fileId":"2019-2","comment":"autosave"},
{"date":"2019-03-22T12:54:15.400Z","fileId":"2019-2","comment":"autosave"},
{"date":"2019-03-22T12:59:15.483Z","fileId":"2019-2","comment":"autosave"},
{"date":"2019-03-22T13:04:15.567Z","fileId":"2019-2","comment":"autosave"},
{"date":"2019-03-22T13:09:15.665Z","fileId":"2019-2","comment":"autosave"},
{"date":"2019-03-22T13:14:15.694Z","fileId":"2019-2","comment":"autosave"},
{"date":"2019-03-22T13:19:15.729Z","fileId":"2019-2","comment":"autosave"},
{"date":"2019-03-22T13:24:15.777Z","fileId":"2019-2","comment":"autosave"},
{"date":"2019-03-22T13:29:15.847Z","fileId":"2019-2","comment":"autosave"},
{"date":"2019-03-22T13:34:15.947Z","fileId":"2019-2","comment":"autosave"},
{"date":"2019-03-22T13:39:16.009Z","fileId":"2019-2","comment":"autosave"},
{"date":"2019-03-22T13:44:16.109Z","fileId":"2019-2","comment":"autosave"},
{"date":"2019-03-22T13:49:16.208Z","fileId":"2019-2","comment":"autosave"},
{"date":"2019-03-22T13:54:16.285Z","fileId":"2019-2","comment":"autosave"},
{"date":"2019-03-22T13:59:16.374Z","fileId":"2019-2","comment":"autosave"},
{"date":"2019-03-22T14:04:16.466Z","fileId":"2019-2","comment":"autosave"},
{"date":"2019-03-22T14:09:16.565Z","fileId":"2019-2","comment":"autosave"},
{"date":"2019-03-22T14:14:16.659Z","fileId":"2019-2","comment":"autosave"},
{"date":"2019-03-22T14:19:16.759Z","fileId":"2019-2","comment":"autosave"},
{"date":"2019-03-22T14:24:16.850Z","fileId":"2019-2","comment":"autosave"},
{"date":"2019-03-22T14:29:16.872Z","fileId":"2019-2","comment":"autosave"},
{"date":"2019-03-22T14:34:16.971Z","fileId":"2019-2","comment":"autosave"},
{"date":"2019-03-22T14:39:17.070Z","fileId":"2019-2","comment":"autosave"},
{"date":"2019-03-22T14:44:17.142Z","fileId":"2019-2","comment":"autosave"},
{"date":"2019-03-22T14:49:17.241Z","fileId":"2019-2","comment":"autosave"},
{"date":"2019-03-22T14:54:17.315Z","fileId":"2019-2","comment":"autosave"},
{"date":"2019-03-22T14:59:17.340Z","fileId":"2019-2","comment":"autosave"},
{"date":"2019-03-22T15:04:17.433Z","fileId":"2019-2","comment":"autosave"},
{"date":"2019-03-22T15:09:17.493Z","fileId":"2019-2","comment":"autosave"},
{"date":"2019-03-22T15:14:17.545Z","fileId":"2019-2","comment":"autosave"},
{"date":"2019-03-22T15:19:17.633Z","fileId":"2019-2","comment":"autosave"},
{"date":"2019-03-22T15:24:17.732Z","fileId":"2019-2","comment":"autosave"},
{"date":"2019-03-22T15:29:17.830Z","fileId":"2019-2","comment":"autosave"},
{"date":"2019-03-22T15:34:17.879Z","fileId":"2019-2","comment":"autosave"},
{"date":"2019-03-22T15:39:17.940Z","fileId":"2019-2","comment":"autosave"},
{"date":"2019-03-22T15:44:17.950Z","fileId":"2019-2","comment":"autosave"},
{"date":"2019-03-22T15:49:17.975Z","fileId":"2019-2","comment":"autosave"},
{"date":"2019-03-22T15:54:18.024Z","fileId":"2019-2","comment":"autosave"},
{"date":"2019-03-22T15:59:18.126Z","fileId":"2019-2","comment":"autosave"},
{"date":"2019-03-22T16:04:18.203Z","fileId":"2019-2","comment":"autosave"},
{"date":"2019-03-22T16:09:18.301Z","fileId":"2019-2","comment":"autosave"},
{"date":"2019-03-22T16:14:18.399Z","fileId":"2019-2","comment":"autosave"},
{"date":"2019-03-22T16:19:18.466Z","fileId":"2019-2","comment":"autosave"},
{"date":"2019-03-22T16:24:18.467Z","fileId":"2019-2","comment":"autosave"},
{"date":"2019-03-22T16:29:18.557Z","fileId":"2019-2","comment":"autosave"},
{"date":"2019-03-22T16:34:18.556Z","fileId":"2019-2","comment":"autosave"},
{"date":"2019-03-22T16:39:18.636Z","fileId":"2019-2","comment":"autosave"},
{"date":"2019-03-22T16:44:18.724Z","fileId":"2019-2","comment":"autosave"},
{"date":"2019-03-22T16:49:18.792Z","fileId":"2019-2","comment":"autosave"},
{"date":"2019-03-22T16:54:18.795Z","fileId":"2019-2","comment":"autosave"},
{"date":"2019-03-22T16:59:18.852Z","fileId":"2019-2","comment":"autosave"},
{"date":"2019-03-22T17:04:18.929Z","fileId":"2019-2","comment":"autosave"},
{"date":"2019-03-22T17:09:19.019Z","fileId":"2019-2","comment":"autosave"},
{"date":"2019-03-22T17:14:19.084Z","fileId":"2019-2","comment":"autosave"},
{"date":"2019-03-22T17:19:19.171Z","fileId":"2019-2","comment":"autosave"},
{"date":"2019-03-22T17:24:19.272Z","fileId":"2019-2","comment":"autosave"},
{"date":"2019-03-22T17:29:19.367Z","fileId":"2019-2","comment":"autosave"},
{"date":"2019-03-22T17:34:19.461Z","fileId":"2019-2","comment":"autosave"},
{"date":"2019-03-22T17:39:19.480Z","fileId":"2019-2","comment":"autosave"},
{"date":"2019-03-22T17:44:19.542Z","fileId":"2019-2","comment":"autosave"},
{"date":"2019-03-22T17:49:19.554Z","fileId":"2019-2","comment":"autosave"},
{"date":"2019-03-22T17:54:19.653Z","fileId":"2019-2","comment":"autosave"},
{"date":"2019-03-22T17:59:19.721Z","fileId":"2019-2","comment":"autosave"},
{"date":"2019-03-22T18:04:19.755Z","fileId":"2019-2","comment":"autosave"},
{"date":"2019-03-22T18:09:19.802Z","fileId":"2019-2","comment":"autosave"},
{"date":"2019-03-22T18:14:19.898Z","fileId":"2019-2","comment":"autosave"},
{"date":"2019-03-22T18:19:19.998Z","fileId":"2019-2","comment":"autosave"},
{"date":"2019-03-22T18:24:20.100Z","fileId":"2019-2","comment":"autosave"},
{"date":"2019-03-22T18:29:20.190Z","fileId":"2019-2","comment":"autosave"},
{"date":"2019-03-22T18:34:20.286Z","fileId":"2019-2","comment":"autosave"},
{"date":"2019-03-22T18:39:20.320Z","fileId":"2019-2","comment":"autosave"},
{"date":"2019-03-22T18:44:20.392Z","fileId":"2019-2","comment":"autosave"},
{"date":"2019-03-22T18:49:20.496Z","fileId":"2019-2","comment":"autosave"},
{"date":"2019-03-22T18:54:20.583Z","fileId":"2019-2","comment":"autosave"},
{"date":"2019-03-22T18:59:20.585Z","fileId":"2019-2","comment":"autosave"},
{"date":"2019-03-22T19:04:20.580Z","fileId":"2019-2","comment":"autosave"},
{"date":"2019-03-22T19:09:20.682Z","fileId":"2019-2","comment":"autosave"},
{"date":"2019-03-22T19:14:20.766Z","fileId":"2019-2","comment":"autosave"},
{"date":"2019-03-22T19:19:20.843Z","fileId":"2019-2","comment":"autosave"},
{"date":"2019-03-22T19:24:20.944Z","fileId":"2019-2","comment":"autosave"},
{"date":"2019-03-22T19:29:21.042Z","fileId":"2019-2","comment":"autosave"},
{"date":"2019-03-22T19:34:21.140Z","fileId":"2019-2","comment":"autosave"},
{"date":"2019-03-22T19:39:21.221Z","fileId":"2019-2","comment":"autosave"},
{"date":"2019-03-22T19:44:21.315Z","fileId":"2019-2","comment":"autosave"},
{"date":"2019-03-22T19:49:21.390Z","fileId":"2019-2","comment":"autosave"},
{"date":"2019-03-22T19:54:21.489Z","fileId":"2019-2","comment":"autosave"},
{"date":"2019-03-22T19:59:21.492Z","fileId":"2019-2","comment":"autosave"},
{"date":"2019-03-22T20:04:21.549Z","fileId":"2019-2","comment":"autosave"},
{"date":"2019-03-22T20:09:21.610Z","fileId":"2019-2","comment":"autosave"},
{"date":"2019-03-22T20:14:21.709Z","fileId":"2019-2","comment":"autosave"},
{"date":"2019-03-22T20:19:21.793Z","fileId":"2019-2","comment":"autosave"},
{"date":"2019-03-22T20:24:21.864Z","fileId":"2019-2","comment":"autosave"},
{"date":"2019-03-22T20:29:21.884Z","fileId":"2019-2","comment":"autosave"},
{"date":"2019-03-22T20:34:21.974Z","fileId":"2019-2","comment":"autosave"},
{"date":"2019-03-22T20:39:22.040Z","fileId":"2019-2","comment":"autosave"},
{"date":"2019-03-22T20:44:22.048Z","fileId":"2019-2","comment":"autosave"},
{"date":"2019-03-22T20:49:22.066Z","fileId":"2019-2","comment":"autosave"},
{"date":"2019-03-22T20:54:22.158Z","fileId":"2019-2","comment":"autosave"},
{"date":"2019-03-22T20:59:22.204Z","fileId":"2019-2","comment":"autosave"},
{"date":"2019-03-22T21:04:22.306Z","fileId":"2019-2","comment":"autosave"},
{"date":"2019-03-22T21:09:22.411Z","fileId":"2019-2","comment":"autosave"},
{"date":"2019-03-22T21:14:22.435Z","fileId":"2019-2","comment":"autosave"},
{"date":"2019-03-22T21:19:22.506Z","fileId":"2019-2","comment":"autosave"},
{"date":"2019-03-22T21:24:22.517Z","fileId":"2019-2","comment":"autosave"},
{"date":"2019-03-22T21:29:22.620Z","fileId":"2019-2","comment":"autosave"},
{"date":"2019-03-22T21:34:22.709Z","fileId":"2019-2","comment":"autosave"},
{"date":"2019-03-22T21:39:22.802Z","fileId":"2019-2","comment":"autosave"},
{"date":"2019-03-22T21:44:22.900Z","fileId":"2019-2","comment":"autosave"},
{"date":"2019-03-22T21:49:22.994Z","fileId":"2019-2","comment":"autosave"},
{"date":"2019-03-22T21:54:23.065Z","fileId":"2019-2","comment":"autosave"},
{"date":"2019-03-22T21:59:23.154Z","fileId":"2019-2","comment":"autosave"},
{"date":"2019-03-22T22:04:23.216Z","fileId":"2019-2","comment":"autosave"},
{"date":"2019-03-22T22:09:23.316Z","fileId":"2019-2","comment":"autosave"},
{"date":"2019-03-22T22:14:23.409Z","fileId":"2019-2","comment":"autosave"},
{"date":"2019-03-22T22:19:23.505Z","fileId":"2019-2","comment":"autosave"},
{"date":"2019-03-22T22:24:23.589Z","fileId":"2019-2","comment":"autosave"},
{"date":"2019-03-22T22:29:23.669Z","fileId":"2019-2","comment":"autosave"},
{"date":"2019-03-22T22:34:23.743Z","fileId":"2019-2","comment":"autosave"},
{"date":"2019-03-22T22:39:23.742Z","fileId":"2019-2","comment":"autosave"},
{"date":"2019-03-22T22:44:23.843Z","fileId":"2019-2","comment":"autosave"},
{"date":"2019-03-22T22:49:23.921Z","fileId":"2019-2","comment":"autosave"},
{"date":"2019-03-22T22:54:23.961Z","fileId":"2019-2","comment":"autosave"},
{"date":"2019-03-22T22:59:23.963Z","fileId":"2019-2","comment":"autosave"},
{"date":"2019-03-22T23:04:24.033Z","fileId":"2019-2","comment":"autosave"},
{"date":"2019-03-22T23:09:24.108Z","fileId":"2019-2","comment":"autosave"},
{"date":"2019-03-22T23:14:24.162Z","fileId":"2019-2","comment":"autosave"},
{"date":"2019-03-22T23:19:24.206Z","fileId":"2019-2","comment":"autosave"},
{"date":"2019-03-22T23:24:24.289Z","fileId":"2019-2","comment":"autosave"},
{"date":"2019-03-22T23:29:24.334Z","fileId":"2019-2","comment":"autosave"},
{"date":"2019-03-22T23:34:24.380Z","fileId":"2019-2","comment":"autosave"},
{"date":"2019-03-22T23:39:24.480Z","fileId":"2019-2","comment":"autosave"},
{"date":"2019-03-22T23:44:24.581Z","fileId":"2019-2","comment":"autosave"},
{"date":"2019-03-22T23:49:24.649Z","fileId":"2019-2","comment":"autosave"},
{"date":"2019-03-22T23:54:24.726Z","fileId":"2019-2","comment":"autosave"},
{"date":"2019-03-22T23:59:24.824Z","fileId":"2019-2","comment":"autosave"},
{"date":"2019-03-23T00:04:24.915Z","fileId":"2019-2","comment":"autosave"},
{"date":"2019-03-23T00:09:25.000Z","fileId":"2019-2","comment":"autosave"},
{"date":"2019-03-23T00:14:25.087Z","fileId":"2019-2","comment":"autosave"},
{"date":"2019-03-23T00:19:25.131Z","fileId":"2019-2","comment":"autosave"},
{"date":"2019-03-23T00:24:25.203Z","fileId":"2019-2","comment":"autosave"},
{"date":"2019-03-23T00:29:25.204Z","fileId":"2019-2","comment":"autosave"},
{"date":"2019-03-23T00:34:25.298Z","fileId":"2019-2","comment":"autosave"},
{"date":"2019-03-23T00:39:25.364Z","fileId":"2019-2","comment":"autosave"},
{"date":"2019-03-23T00:44:25.460Z","fileId":"2019-2","comment":"autosave"},
{"date":"2019-03-23T00:49:25.526Z","fileId":"2019-2","comment":"autosave"},
{"date":"2019-03-23T00:54:25.542Z","fileId":"2019-2","comment":"autosave"},
{"date":"2019-03-23T00:59:25.638Z","fileId":"2019-2","comment":"autosave"},
{"date":"2019-03-23T01:04:25.734Z","fileId":"2019-2","comment":"autosave"},
{"date":"2019-03-23T01:09:25.788Z","fileId":"2019-2","comment":"autosave"},
{"date":"2019-03-23T01:14:25.888Z","fileId":"2019-2","comment":"autosave"},
{"date":"2019-03-23T01:19:25.986Z","fileId":"2019-2","comment":"autosave"},
{"date":"2019-03-23T01:24:26.057Z","fileId":"2019-2","comment":"autosave"},
{"date":"2019-03-23T01:29:26.121Z","fileId":"2019-2","comment":"autosave"},
{"date":"2019-03-23T01:34:26.145Z","fileId":"2019-2","comment":"autosave"},
{"date":"2019-03-23T01:39:26.151Z","fileId":"2019-2","comment":"autosave"},
{"date":"2019-03-23T01:44:26.178Z","fileId":"2019-2","comment":"autosave"},
{"date":"2019-03-23T01:49:26.195Z","fileId":"2019-2","comment":"autosave"},
{"date":"2019-03-23T01:54:26.255Z","fileId":"2019-2","comment":"autosave"},
{"date":"2019-03-23T01:59:26.338Z","fileId":"2019-2","comment":"autosave"},
{"date":"2019-03-23T02:04:26.338Z","fileId":"2019-2","comment":"autosave"},
{"date":"2019-03-23T02:09:26.401Z","fileId":"2019-2","comment":"autosave"},
{"date":"2019-03-23T02:14:26.499Z","fileId":"2019-2","comment":"autosave"},
{"date":"2019-03-23T02:19:26.573Z","fileId":"2019-2","comment":"autosave"},
{"date":"2019-03-23T02:24:26.654Z","fileId":"2019-2","comment":"autosave"},
{"date":"2019-03-23T02:29:26.721Z","fileId":"2019-2","comment":"autosave"},
{"date":"2019-03-23T02:34:26.807Z","fileId":"2019-2","comment":"autosave"},
{"date":"2019-03-23T02:39:26.813Z","fileId":"2019-2","comment":"autosave"},
{"date":"2019-03-23T02:44:26.907Z","fileId":"2019-2","comment":"autosave"},
{"date":"2019-03-23T02:49:26.966Z","fileId":"2019-2","comment":"autosave"},
{"date":"2019-03-23T02:54:27.068Z","fileId":"2019-2","comment":"autosave"},
{"date":"2019-03-23T02:59:27.163Z","fileId":"2019-2","comment":"autosave"},
{"date":"2019-03-23T03:04:27.249Z","fileId":"2019-2","comment":"autosave"},
{"date":"2019-03-23T03:09:27.328Z","fileId":"2019-2","comment":"autosave"},
{"date":"2019-03-23T03:14:27.417Z","fileId":"2019-2","comment":"autosave"},
{"date":"2019-03-23T03:19:27.516Z","fileId":"2019-2","comment":"autosave"},
{"date":"2019-03-23T03:24:27.542Z","fileId":"2019-2","comment":"autosave"},
{"date":"2019-03-23T03:29:27.602Z","fileId":"2019-2","comment":"autosave"},
{"date":"2019-03-23T03:34:27.646Z","fileId":"2019-2","comment":"autosave"},
{"date":"2019-03-23T03:39:27.734Z","fileId":"2019-2","comment":"autosave"},
{"date":"2019-03-23T03:44:27.785Z","fileId":"2019-2","comment":"autosave"},
{"date":"2019-03-23T03:49:27.883Z","fileId":"2019-2","comment":"autosave"},
{"date":"2019-03-23T03:54:27.959Z","fileId":"2019-2","comment":"autosave"},
{"date":"2019-03-23T03:59:27.981Z","fileId":"2019-2","comment":"autosave"},
{"date":"2019-03-23T04:04:27.984Z","fileId":"2019-2","comment":"autosave"},
{"date":"2019-03-23T04:09:28.061Z","fileId":"2019-2","comment":"autosave"},
{"date":"2019-03-23T04:14:28.122Z","fileId":"2019-2","comment":"autosave"},
{"date":"2019-03-23T04:19:28.130Z","fileId":"2019-2","comment":"autosave"},
{"date":"2019-03-23T04:24:28.180Z","fileId":"2019-2","comment":"autosave"},
{"date":"2019-03-23T04:29:28.193Z","fileId":"2019-2","comment":"autosave"},
{"date":"2019-03-23T04:34:28.272Z","fileId":"2019-2","comment":"autosave"},
{"date":"2019-03-23T04:39:28.371Z","fileId":"2019-2","comment":"autosave"},
{"date":"2019-03-23T04:44:28.464Z","fileId":"2019-2","comment":"autosave"},
{"date":"2019-03-23T04:49:28.565Z","fileId":"2019-2","comment":"autosave"},
{"date":"2019-03-23T04:54:28.568Z","fileId":"2019-2","comment":"autosave"},
{"date":"2019-03-23T04:59:28.588Z","fileId":"2019-2","comment":"autosave"},
{"date":"2019-03-23T05:04:28.606Z","fileId":"2019-2","comment":"autosave"},
{"date":"2019-03-23T05:09:28.689Z","fileId":"2019-2","comment":"autosave"},
{"date":"2019-03-23T05:14:28.787Z","fileId":"2019-2","comment":"autosave"},
{"date":"2019-03-23T05:19:28.802Z","fileId":"2019-2","comment":"autosave"},
{"date":"2019-03-23T05:24:28.875Z","fileId":"2019-2","comment":"autosave"},
{"date":"2019-03-23T05:29:28.972Z","fileId":"2019-2","comment":"autosave"},
{"date":"2019-03-23T05:34:28.981Z","fileId":"2019-2","comment":"autosave"},
{"date":"2019-03-23T05:39:29.063Z","fileId":"2019-2","comment":"autosave"},
{"date":"2019-03-23T05:44:29.163Z","fileId":"2019-2","comment":"autosave"},
{"date":"2019-03-23T05:49:29.268Z","fileId":"2019-2","comment":"autosave"},
{"date":"2019-03-23T05:54:29.362Z","fileId":"2019-2","comment":"autosave"},
{"date":"2019-03-23T05:59:29.428Z","fileId":"2019-2","comment":"autosave"},
{"date":"2019-03-23T06:04:29.478Z","fileId":"2019-2","comment":"autosave"},
{"date":"2019-03-23T06:09:29.570Z","fileId":"2019-2","comment":"autosave"},
{"date":"2019-03-23T06:14:29.576Z","fileId":"2019-2","comment":"autosave"},
{"date":"2019-03-23T06:19:29.665Z","fileId":"2019-2","comment":"autosave"},
{"date":"2019-03-23T06:24:29.722Z","fileId":"2019-2","comment":"autosave"},
{"date":"2019-03-23T06:29:29.804Z","fileId":"2019-2","comment":"autosave"},
{"date":"2019-03-23T06:34:29.907Z","fileId":"2019-2","comment":"autosave"},
{"date":"2019-03-23T06:39:29.919Z","fileId":"2019-2","comment":"autosave"},
{"date":"2019-03-23T06:44:29.991Z","fileId":"2019-2","comment":"autosave"},
{"date":"2019-03-23T06:49:30.090Z","fileId":"2019-2","comment":"autosave"},
{"date":"2019-03-23T06:54:30.095Z","fileId":"2019-2","comment":"autosave"},
{"date":"2019-03-23T06:59:30.199Z","fileId":"2019-2","comment":"autosave"},
{"date":"2019-03-23T07:04:30.221Z","fileId":"2019-2","comment":"autosave"},
{"date":"2019-03-23T07:09:30.294Z","fileId":"2019-2","comment":"autosave"},
{"date":"2019-03-23T07:14:30.383Z","fileId":"2019-2","comment":"autosave"},
{"date":"2019-03-23T07:19:30.392Z","fileId":"2019-2","comment":"autosave"},
{"date":"2019-03-23T07:24:30.450Z","fileId":"2019-2","comment":"autosave"},
{"date":"2019-03-23T07:29:30.550Z","fileId":"2019-2","comment":"autosave"},
{"date":"2019-03-23T07:34:30.576Z","fileId":"2019-2","comment":"autosave"},
{"date":"2019-03-23T07:39:30.676Z","fileId":"2019-2","comment":"autosave"},
{"date":"2019-03-23T07:44:30.770Z","fileId":"2019-2","comment":"autosave"},
{"date":"2019-03-23T07:49:30.870Z","fileId":"2019-2","comment":"autosave"},
{"date":"2019-03-23T07:54:30.937Z","fileId":"2019-2","comment":"autosave"},
{"date":"2019-03-23T07:59:31.019Z","fileId":"2019-2","comment":"autosave"},
{"date":"2019-03-23T08:04:31.104Z","fileId":"2019-2","comment":"autosave"},
{"date":"2019-03-23T08:09:31.109Z","fileId":"2019-2","comment":"autosave"},
{"date":"2019-03-23T08:14:31.160Z","fileId":"2019-2","comment":"autosave"},
{"date":"2019-03-23T08:19:31.254Z","fileId":"2019-2","comment":"autosave"},
{"date":"2019-03-23T08:24:31.327Z","fileId":"2019-2","comment":"autosave"},
{"date":"2019-03-23T08:29:31.397Z","fileId":"2019-2","comment":"autosave"},
{"date":"2019-03-23T08:34:31.489Z","fileId":"2019-2","comment":"autosave"},
{"date":"2019-03-23T08:39:31.589Z","fileId":"2019-2","comment":"autosave"},
{"date":"2019-03-23T08:44:31.687Z","fileId":"2019-2","comment":"autosave"},
{"date":"2019-03-23T08:49:31.723Z","fileId":"2019-2","comment":"autosave"},
{"date":"2019-03-23T08:54:31.822Z","fileId":"2019-2","comment":"autosave"},
{"date":"2019-03-23T08:59:31.916Z","fileId":"2019-2","comment":"autosave"},
{"date":"2019-03-23T09:04:31.985Z","fileId":"2019-2","comment":"autosave"},
{"date":"2019-03-23T09:09:32.073Z","fileId":"2019-2","comment":"autosave"},
{"date":"2019-03-23T09:14:32.158Z","fileId":"2019-2","comment":"autosave"},
{"date":"2019-03-23T09:19:32.202Z","fileId":"2019-2","comment":"autosave"},
{"date":"2019-03-23T09:24:32.303Z","fileId":"2019-2","comment":"autosave"},
{"date":"2019-03-23T09:29:32.327Z","fileId":"2019-2","comment":"autosave"},
{"date":"2019-03-23T09:34:32.371Z","fileId":"2019-2","comment":"autosave"},
{"date":"2019-03-23T09:39:32.470Z","fileId":"2019-2","comment":"autosave"},
{"date":"2019-03-23T09:44:32.499Z","fileId":"2019-2","comment":"autosave"},
{"date":"2019-03-23T09:49:32.601Z","fileId":"2019-2","comment":"autosave"},
{"date":"2019-03-23T09:54:32.703Z","fileId":"2019-2","comment":"autosave"},
{"date":"2019-03-23T09:59:32.803Z","fileId":"2019-2","comment":"autosave"},
{"date":"2019-03-23T10:04:32.889Z","fileId":"2019-2","comment":"autosave"},
{"date":"2019-03-23T10:09:32.942Z","fileId":"2019-2","comment":"autosave"},
{"date":"2019-03-23T10:14:33.040Z","fileId":"2019-2","comment":"autosave"},
{"date":"2019-03-23T10:19:33.135Z","fileId":"2019-2","comment":"autosave"},
{"date":"2019-03-23T10:24:33.176Z","fileId":"2019-2","comment":"autosave"},
{"date":"2019-03-23T10:29:33.276Z","fileId":"2019-2","comment":"autosave"},
{"date":"2019-03-23T10:34:33.362Z","fileId":"2019-2","comment":"autosave"},
{"date":"2019-03-23T10:39:33.422Z","fileId":"2019-2","comment":"autosave"},
{"date":"2019-03-23T10:44:33.520Z","fileId":"2019-2","comment":"autosave"},
{"date":"2019-03-23T10:49:33.613Z","fileId":"2019-2","comment":"autosave"},
{"date":"2019-03-23T10:54:33.691Z","fileId":"2019-2","comment":"autosave"},
{"date":"2019-03-23T10:59:33.751Z","fileId":"2019-2","comment":"autosave"},
{"date":"2019-03-23T11:04:33.814Z","fileId":"2019-2","comment":"autosave"},
{"date":"2019-03-23T11:09:33.899Z","fileId":"2019-2","comment":"autosave"},
{"date":"2019-03-23T11:14:33.921Z","fileId":"2019-2","comment":"autosave"},
{"date":"2019-03-23T11:19:34.020Z","fileId":"2019-2","comment":"autosave"},
{"date":"2019-03-23T11:24:34.125Z","fileId":"2019-2","comment":"autosave"},
{"date":"2019-03-23T11:29:34.227Z","fileId":"2019-2","comment":"autosave"},
{"date":"2019-03-23T11:34:34.329Z","fileId":"2019-2","comment":"autosave"},
{"date":"2019-03-23T11:39:34.428Z","fileId":"2019-2","comment":"autosave"},
{"date":"2019-03-23T11:44:34.500Z","fileId":"2019-2","comment":"autosave"},
{"date":"2019-03-23T11:49:34.577Z","fileId":"2019-2","comment":"autosave"},
{"date":"2019-03-23T11:54:34.656Z","fileId":"2019-2","comment":"autosave"},
{"date":"2019-03-23T11:59:34.723Z","fileId":"2019-2","comment":"autosave"},
{"date":"2019-03-23T12:04:34.817Z","fileId":"2019-2","comment":"autosave"},
{"date":"2019-03-23T12:09:34.920Z","fileId":"2019-2","comment":"autosave"},
{"date":"2019-03-23T12:14:35.006Z","fileId":"2019-2","comment":"autosave"},
{"date":"2019-03-23T12:19:35.105Z","fileId":"2019-2","comment":"autosave"},
{"date":"2019-03-23T12:24:35.165Z","fileId":"2019-2","comment":"autosave"},
{"date":"2019-03-23T12:29:35.233Z","fileId":"2019-2","comment":"autosave"},
{"date":"2019-03-23T12:34:35.334Z","fileId":"2019-2","comment":"autosave"},
{"date":"2019-03-23T12:39:35.407Z","fileId":"2019-2","comment":"autosave"},
{"date":"2019-03-23T12:44:35.422Z","fileId":"2019-2","comment":"autosave"},
{"date":"2019-03-23T12:49:35.506Z","fileId":"2019-2","comment":"autosave"},
{"date":"2019-03-23T12:54:35.602Z","fileId":"2019-2","comment":"autosave"},
{"date":"2019-03-23T12:59:35.646Z","fileId":"2019-2","comment":"autosave"},
{"date":"2019-03-23T13:04:35.747Z","fileId":"2019-2","comment":"autosave"},
{"date":"2019-03-23T13:09:35.845Z","fileId":"2019-2","comment":"autosave"},
{"date":"2019-03-23T13:14:35.895Z","fileId":"2019-2","comment":"autosave"},
{"date":"2019-03-23T13:19:35.920Z","fileId":"2019-2","comment":"autosave"},
{"date":"2019-03-23T13:24:35.958Z","fileId":"2019-2","comment":"autosave"},
{"date":"2019-03-23T13:29:36.035Z","fileId":"2019-2","comment":"autosave"},
{"date":"2019-03-23T13:34:36.117Z","fileId":"2019-2","comment":"autosave"},
{"date":"2019-03-23T13:39:36.128Z","fileId":"2019-2","comment":"autosave"},
{"date":"2019-03-23T13:44:36.164Z","fileId":"2019-2","comment":"autosave"},
{"date":"2019-03-23T13:49:36.232Z","fileId":"2019-2","comment":"autosave"},
{"date":"2019-03-23T13:54:36.307Z","fileId":"2019-2","comment":"autosave"},
{"date":"2019-03-23T13:59:36.317Z","fileId":"2019-2","comment":"autosave"},
{"date":"2019-03-23T14:04:36.359Z","fileId":"2019-2","comment":"autosave"},
{"date":"2019-03-23T14:09:36.442Z","fileId":"2019-2","comment":"autosave"},
{"date":"2019-03-23T14:14:36.546Z","fileId":"2019-2","comment":"autosave"},
{"date":"2019-03-23T14:19:36.607Z","fileId":"2019-2","comment":"autosave"},
{"date":"2019-03-23T14:24:36.702Z","fileId":"2019-2","comment":"autosave"},
{"date":"2019-03-23T14:29:36.773Z","fileId":"2019-2","comment":"autosave"},
{"date":"2019-03-23T14:34:36.849Z","fileId":"2019-2","comment":"autosave"},
{"date":"2019-03-23T14:39:36.947Z","fileId":"2019-2","comment":"autosave"},
{"date":"2019-03-23T14:44:36.959Z","fileId":"2019-2","comment":"autosave"},
{"date":"2019-03-23T14:49:37.041Z","fileId":"2019-2","comment":"autosave"},
{"date":"2019-03-23T14:54:37.127Z","fileId":"2019-2","comment":"autosave"},
{"date":"2019-03-23T14:59:37.227Z","fileId":"2019-2","comment":"autosave"},
{"date":"2019-03-23T15:04:37.251Z","fileId":"2019-2","comment":"autosave"},
{"date":"2019-03-23T15:09:37.352Z","fileId":"2019-2","comment":"autosave"},
{"date":"2019-03-23T15:14:37.436Z","fileId":"2019-2","comment":"autosave"},
{"date":"2019-03-23T15:19:37.489Z","fileId":"2019-2","comment":"autosave"},
{"date":"2019-03-23T15:24:37.504Z","fileId":"2019-2","comment":"autosave"},
{"date":"2019-03-23T15:29:37.602Z","fileId":"2019-2","comment":"autosave"},
{"date":"2019-03-23T15:34:37.688Z","fileId":"2019-2","comment":"autosave"},
{"date":"2019-03-23T15:39:37.721Z","fileId":"2019-2","comment":"autosave"},
{"date":"2019-03-23T15:44:37.802Z","fileId":"2019-2","comment":"autosave"},
{"date":"2019-03-23T15:49:37.863Z","fileId":"2019-2","comment":"autosave"},
{"date":"2019-03-23T15:54:37.959Z","fileId":"2019-2","comment":"autosave"},
{"date":"2019-03-23T15:59:38.031Z","fileId":"2019-2","comment":"autosave"},
{"date":"2019-03-23T16:04:38.132Z","fileId":"2019-2","comment":"autosave"},
{"date":"2019-03-23T16:09:38.221Z","fileId":"2019-2","comment":"autosave"},
{"date":"2019-03-23T16:14:38.274Z","fileId":"2019-2","comment":"autosave"},
{"date":"2019-03-23T16:19:38.366Z","fileId":"2019-2","comment":"autosave"},
{"date":"2019-03-23T16:24:38.423Z","fileId":"2019-2","comment":"autosave"},
{"date":"2019-03-23T16:29:38.426Z","fileId":"2019-2","comment":"autosave"},
{"date":"2019-03-27T01:17:37.677Z","fileId":"2019-2","comment":"autosave"},
{"date":"2019-03-27T01:22:37.752Z","fileId":"2019-2","comment":"autosave"},
{"date":"2019-03-27T01:27:37.801Z","fileId":"2019-2","comment":"autosave"},
{"date":"2019-03-27T01:32:37.822Z","fileId":"2019-2","comment":"autosave"},
{"date":"2019-03-27T01:37:37.865Z","fileId":"2019-2","comment":"autosave"},
{"date":"2019-03-27T01:42:37.953Z","fileId":"2019-2","comment":"autosave"},
{"date":"2019-03-27T01:47:38.015Z","fileId":"2019-2","comment":"autosave"},
{"date":"2019-03-27T01:52:38.031Z","fileId":"2019-2","comment":"autosave"},
{"date":"2019-03-27T01:57:38.081Z","fileId":"2019-2","comment":"autosave"},
{"date":"2019-03-27T02:02:38.143Z","fileId":"2019-2","comment":"autosave"},
{"date":"2019-03-27T02:07:38.214Z","fileId":"2019-2","comment":"autosave"},
{"date":"2019-03-27T02:12:38.228Z","fileId":"2019-2","comment":"autosave"},
{"date":"2019-03-27T02:17:38.235Z","fileId":"2019-2","comment":"autosave"},
{"date":"2019-03-27T02:22:38.243Z","fileId":"2019-2","comment":"autosave"},
{"date":"2019-03-27T02:27:38.280Z","fileId":"2019-2","comment":"autosave"},
{"date":"2019-03-27T02:32:38.287Z","fileId":"2019-2","comment":"autosave"},
{"date":"2019-03-27T02:37:38.369Z","fileId":"2019-2","comment":"autosave"},
{"date":"2019-03-27T02:42:38.382Z","fileId":"2019-2","comment":"autosave"},
{"date":"2019-03-27T02:47:38.384Z","fileId":"2019-2","comment":"autosave"},
{"date":"2019-03-27T02:52:38.491Z","fileId":"2019-2","comment":"autosave"},
{"date":"2019-03-27T02:57:38.508Z","fileId":"2019-2","comment":"autosave"},
{"date":"2019-03-27T03:02:38.516Z","fileId":"2019-2","comment":"autosave"},
{"date":"2019-03-27T03:07:38.614Z","fileId":"2019-2","comment":"autosave"},
{"date":"2019-03-27T03:12:38.682Z","fileId":"2019-2","comment":"autosave"},
{"date":"2019-03-27T03:17:38.731Z","fileId":"2019-2","comment":"autosave"},
{"date":"2019-03-27T03:22:38.735Z","fileId":"2019-2","comment":"autosave"},
{"date":"2019-03-27T03:27:38.736Z","fileId":"2019-2","comment":"autosave"},
{"date":"2019-03-27T03:32:38.837Z","fileId":"2019-2","comment":"autosave"},
{"date":"2019-03-27T03:37:38.931Z","fileId":"2019-2","comment":"autosave"},
{"date":"2019-03-27T03:42:38.945Z","fileId":"2019-2","comment":"autosave"},
{"date":"2019-03-27T03:47:39.045Z","fileId":"2019-2","comment":"autosave"},
{"date":"2019-03-27T03:52:39.126Z","fileId":"2019-2","comment":"autosave"},
{"date":"2019-03-27T03:57:39.212Z","fileId":"2019-2","comment":"autosave"},
{"date":"2019-03-27T04:02:39.315Z","fileId":"2019-2","comment":"autosave"},
{"date":"2019-03-27T04:07:39.415Z","fileId":"2019-2","comment":"autosave"},
{"date":"2019-03-27T04:12:39.513Z","fileId":"2019-2","comment":"autosave"},
{"date":"2019-03-27T04:17:39.615Z","fileId":"2019-2","comment":"autosave"},
{"date":"2019-03-27T04:22:39.631Z","fileId":"2019-2","comment":"autosave"},
{"date":"2019-03-27T04:27:39.713Z","fileId":"2019-2","comment":"autosave"},
{"date":"2019-03-27T04:32:39.778Z","fileId":"2019-2","comment":"autosave"},
{"date":"2019-03-27T04:37:39.777Z","fileId":"2019-2","comment":"autosave"},
{"date":"2019-03-27T04:42:39.881Z","fileId":"2019-2","comment":"autosave"},
{"date":"2019-03-27T04:47:39.970Z","fileId":"2019-2","comment":"autosave"},
{"date":"2019-03-27T04:52:40.063Z","fileId":"2019-2","comment":"autosave"},
{"date":"2019-03-27T04:57:40.167Z","fileId":"2019-2","comment":"autosave"},
{"date":"2019-03-27T05:02:40.224Z","fileId":"2019-2","comment":"autosave"},
{"date":"2019-03-27T05:07:40.221Z","fileId":"2019-2","comment":"autosave"},
{"date":"2019-03-27T05:12:40.232Z","fileId":"2019-2","comment":"autosave"},
{"date":"2019-03-27T05:17:40.334Z","fileId":"2019-2","comment":"autosave"},
{"date":"2019-03-27T05:22:40.384Z","fileId":"2019-2","comment":"autosave"},
{"date":"2019-03-27T05:27:40.414Z","fileId":"2019-2","comment":"autosave"},
{"date":"2019-03-27T05:32:40.511Z","fileId":"2019-2","comment":"autosave"},
{"date":"2019-03-27T05:37:40.615Z","fileId":"2019-2","comment":"autosave"},
{"date":"2019-03-27T05:42:40.672Z","fileId":"2019-2","comment":"autosave"},
{"date":"2019-03-27T05:47:40.773Z","fileId":"2019-2","comment":"autosave"},
{"date":"2019-03-27T05:52:40.805Z","fileId":"2019-2","comment":"autosave"},
{"date":"2019-03-27T05:57:40.839Z","fileId":"2019-2","comment":"autosave"},
{"date":"2019-03-27T06:02:40.852Z","fileId":"2019-2","comment":"autosave"},
{"date":"2019-03-27T06:07:40.901Z","fileId":"2019-2","comment":"autosave"},
{"date":"2019-03-27T06:12:41.005Z","fileId":"2019-2","comment":"autosave"},
{"date":"2019-03-27T06:17:41.006Z","fileId":"2019-2","comment":"autosave"},
{"date":"2019-03-27T06:22:41.050Z","fileId":"2019-2","comment":"autosave"},
{"date":"2019-03-27T06:27:41.121Z","fileId":"2019-2","comment":"autosave"},
{"date":"2019-03-27T06:32:41.142Z","fileId":"2019-2","comment":"autosave"},
{"date":"2019-03-27T06:37:41.154Z","fileId":"2019-2","comment":"autosave"},
{"date":"2019-03-27T06:42:41.262Z","fileId":"2019-2","comment":"autosave"},
{"date":"2019-03-27T06:47:41.361Z","fileId":"2019-2","comment":"autosave"},
{"date":"2019-03-27T06:52:41.456Z","fileId":"2019-2","comment":"autosave"},
{"date":"2019-03-27T06:57:41.538Z","fileId":"2019-2","comment":"autosave"},
{"date":"2019-03-27T07:02:41.642Z","fileId":"2019-2","comment":"autosave"},
{"date":"2019-03-27T07:07:41.742Z","fileId":"2019-2","comment":"autosave"},
{"date":"2019-03-27T07:12:41.844Z","fileId":"2019-2","comment":"autosave"},
{"date":"2019-03-27T07:17:41.944Z","fileId":"2019-2","comment":"autosave"},
{"date":"2019-03-27T07:22:41.984Z","fileId":"2019-2","comment":"autosave"},
{"date":"2019-03-27T07:27:42.083Z","fileId":"2019-2","comment":"autosave"},
{"date":"2019-03-27T07:32:42.151Z","fileId":"2019-2","comment":"autosave"},
{"date":"2019-03-27T07:37:42.249Z","fileId":"2019-2","comment":"autosave"},
{"date":"2019-03-27T07:42:42.313Z","fileId":"2019-2","comment":"autosave"},
{"date":"2019-03-27T07:47:42.368Z","fileId":"2019-2","comment":"autosave"},
{"date":"2019-03-27T07:52:42.427Z","fileId":"2019-2","comment":"autosave"},
{"date":"2019-03-27T07:57:42.517Z","fileId":"2019-2","comment":"autosave"},
{"date":"2019-03-27T08:02:42.619Z","fileId":"2019-2","comment":"autosave"},
{"date":"2019-03-27T08:07:42.702Z","fileId":"2019-2","comment":"autosave"},
{"date":"2019-03-27T08:12:42.778Z","fileId":"2019-2","comment":"autosave"},
{"date":"2019-03-27T08:17:42.782Z","fileId":"2019-2","comment":"autosave"},
{"date":"2019-03-27T08:22:42.861Z","fileId":"2019-2","comment":"autosave"},
{"date":"2019-03-27T08:27:42.911Z","fileId":"2019-2","comment":"autosave"},
{"date":"2019-03-27T08:32:43.006Z","fileId":"2019-2","comment":"autosave"},
{"date":"2019-03-27T08:37:43.107Z","fileId":"2019-2","comment":"autosave"},
{"date":"2019-03-27T08:42:43.142Z","fileId":"2019-2","comment":"autosave"},
{"date":"2019-03-27T08:47:43.198Z","fileId":"2019-2","comment":"autosave"},
{"date":"2019-03-27T08:52:43.234Z","fileId":"2019-2","comment":"autosave"},
{"date":"2019-03-27T08:57:43.307Z","fileId":"2019-2","comment":"autosave"},
{"date":"2019-03-27T09:02:43.355Z","fileId":"2019-2","comment":"autosave"},
{"date":"2019-03-27T09:07:43.400Z","fileId":"2019-2","comment":"autosave"},
{"date":"2019-03-27T09:12:43.411Z","fileId":"2019-2","comment":"autosave"},
{"date":"2019-03-27T09:17:43.514Z","fileId":"2019-2","comment":"autosave"},
{"date":"2019-03-27T09:22:43.598Z","fileId":"2019-2","comment":"autosave"},
{"date":"2019-03-27T09:27:43.648Z","fileId":"2019-2","comment":"autosave"},
{"date":"2019-03-27T09:32:43.668Z","fileId":"2019-2","comment":"autosave"},
{"date":"2019-03-27T09:37:43.745Z","fileId":"2019-2","comment":"autosave"},
{"date":"2019-03-27T09:42:43.846Z","fileId":"2019-2","comment":"autosave"},
{"date":"2019-03-27T09:47:43.949Z","fileId":"2019-2","comment":"autosave"},
{"date":"2019-03-27T09:52:43.967Z","fileId":"2019-2","comment":"autosave"},
{"date":"2019-03-27T09:57:44.066Z","fileId":"2019-2","comment":"autosave"},
{"date":"2019-03-27T10:02:44.155Z","fileId":"2019-2","comment":"autosave"},
{"date":"2019-03-27T10:07:44.255Z","fileId":"2019-2","comment":"autosave"},
{"date":"2019-03-27T10:12:44.275Z","fileId":"2019-2","comment":"autosave"},
{"date":"2019-03-27T10:17:44.297Z","fileId":"2019-2","comment":"autosave"},
{"date":"2019-03-27T10:22:44.305Z","fileId":"2019-2","comment":"autosave"},
{"date":"2019-03-27T10:27:44.385Z","fileId":"2019-2","comment":"autosave"},
{"date":"2019-03-27T10:32:44.390Z","fileId":"2019-2","comment":"autosave"},
{"date":"2019-03-27T10:37:44.431Z","fileId":"2019-2","comment":"autosave"},
{"date":"2019-03-27T10:42:44.456Z","fileId":"2019-2","comment":"autosave"},
{"date":"2019-03-27T10:47:44.478Z","fileId":"2019-2","comment":"autosave"},
{"date":"2019-03-27T10:52:44.582Z","fileId":"2019-2","comment":"autosave"},
{"date":"2019-03-27T10:57:44.683Z","fileId":"2019-2","comment":"autosave"},
{"date":"2019-03-27T11:02:44.733Z","fileId":"2019-2","comment":"autosave"},
{"date":"2019-03-27T11:07:44.779Z","fileId":"2019-2","comment":"autosave"},
{"date":"2019-03-27T11:12:44.831Z","fileId":"2019-2","comment":"autosave"},
{"date":"2019-03-27T11:17:44.933Z","fileId":"2019-2","comment":"autosave"},
{"date":"2019-03-27T11:22:44.972Z","fileId":"2019-2","comment":"autosave"},
{"date":"2019-03-27T11:27:45.027Z","fileId":"2019-2","comment":"autosave"},
{"date":"2019-03-27T11:32:45.097Z","fileId":"2019-2","comment":"autosave"},
{"date":"2019-03-27T11:37:45.191Z","fileId":"2019-2","comment":"autosave"},
{"date":"2019-03-27T11:42:45.215Z","fileId":"2019-2","comment":"autosave"},
{"date":"2019-03-27T11:47:45.307Z","fileId":"2019-2","comment":"autosave"},
{"date":"2019-03-27T11:52:45.342Z","fileId":"2019-2","comment":"autosave"},
{"date":"2019-03-27T11:57:45.362Z","fileId":"2019-2","comment":"autosave"},
{"date":"2019-03-27T12:02:45.394Z","fileId":"2019-2","comment":"autosave"},
{"date":"2019-03-27T12:07:45.472Z","fileId":"2019-2","comment":"autosave"},
{"date":"2019-03-27T12:12:45.586Z","fileId":"2019-2","comment":"autosave"},
{"date":"2019-03-27T12:17:45.650Z","fileId":"2019-2","comment":"autosave"},
{"date":"2019-03-27T12:22:45.712Z","fileId":"2019-2","comment":"autosave"},
{"date":"2019-03-27T12:27:45.784Z","fileId":"2019-2","comment":"autosave"},
{"date":"2019-03-27T12:32:45.825Z","fileId":"2019-2","comment":"autosave"},
{"date":"2019-03-27T12:37:45.876Z","fileId":"2019-2","comment":"autosave"},
{"date":"2019-03-27T12:42:45.935Z","fileId":"2019-2","comment":"autosave"},
{"date":"2019-03-27T12:47:46.011Z","fileId":"2019-2","comment":"autosave"},
{"date":"2019-03-27T12:52:46.083Z","fileId":"2019-2","comment":"autosave"},
{"date":"2019-03-27T12:57:46.183Z","fileId":"2019-2","comment":"autosave"},
{"date":"2019-03-27T13:02:46.194Z","fileId":"2019-2","comment":"autosave"},
{"date":"2019-03-27T13:07:46.295Z","fileId":"2019-2","comment":"autosave"},
{"date":"2019-03-27T13:12:46.395Z","fileId":"2019-2","comment":"autosave"},
{"date":"2019-03-27T13:17:46.486Z","fileId":"2019-2","comment":"autosave"},
{"date":"2019-03-27T13:22:46.556Z","fileId":"2019-2","comment":"autosave"},
{"date":"2019-03-27T13:27:46.619Z","fileId":"2019-2","comment":"autosave"},
{"date":"2019-03-27T13:32:46.707Z","fileId":"2019-2","comment":"autosave"},
{"date":"2019-03-27T13:37:46.810Z","fileId":"2019-2","comment":"autosave"},
{"date":"2019-03-27T13:42:46.857Z","fileId":"2019-2","comment":"autosave"},
{"date":"2019-03-27T13:47:46.958Z","fileId":"2019-2","comment":"autosave"},
{"date":"2019-03-27T13:52:47.034Z","fileId":"2019-2","comment":"autosave"},
{"date":"2019-03-27T13:57:47.105Z","fileId":"2019-2","comment":"autosave"},
{"date":"2019-03-27T14:02:47.152Z","fileId":"2019-2","comment":"autosave"},
{"date":"2019-03-27T14:07:47.247Z","fileId":"2019-2","comment":"autosave"},
{"date":"2019-03-27T14:12:47.336Z","fileId":"2019-2","comment":"autosave"},
{"date":"2019-03-27T14:17:47.361Z","fileId":"2019-2","comment":"autosave"},
{"date":"2019-03-27T14:22:47.463Z","fileId":"2019-2","comment":"autosave"},
{"date":"2019-03-27T14:27:47.564Z","fileId":"2019-2","comment":"autosave"},
{"date":"2019-03-27T14:32:47.667Z","fileId":"2019-2","comment":"autosave"},
{"date":"2019-03-27T14:37:47.767Z","fileId":"2019-2","comment":"autosave"},
{"date":"2019-03-27T14:42:47.826Z","fileId":"2019-2","comment":"autosave"},
{"date":"2019-03-27T14:47:47.926Z","fileId":"2019-2","comment":"autosave"},
{"date":"2019-03-27T14:52:47.992Z","fileId":"2019-2","comment":"autosave"},
{"date":"2019-03-27T14:57:48.068Z","fileId":"2019-2","comment":"autosave"},
{"date":"2019-03-27T15:02:48.139Z","fileId":"2019-2","comment":"autosave"},
{"date":"2019-03-27T15:07:48.218Z","fileId":"2019-2","comment":"autosave"},
{"date":"2019-03-27T15:12:48.312Z","fileId":"2019-2","comment":"autosave"},
{"date":"2019-03-27T15:17:48.402Z","fileId":"2019-2","comment":"autosave"},
{"date":"2019-03-27T15:22:48.429Z","fileId":"2019-2","comment":"autosave"},
{"date":"2019-03-27T15:27:48.517Z","fileId":"2019-2","comment":"autosave"},
{"date":"2019-03-27T15:32:48.620Z","fileId":"2019-2","comment":"autosave"},
{"date":"2019-03-27T15:37:48.723Z","fileId":"2019-2","comment":"autosave"},
{"date":"2019-03-27T15:42:48.795Z","fileId":"2019-2","comment":"autosave"},
{"date":"2019-03-27T15:47:48.892Z","fileId":"2019-2","comment":"autosave"},
{"date":"2019-03-27T15:52:48.993Z","fileId":"2019-2","comment":"autosave"},
{"date":"2019-03-27T15:57:49.054Z","fileId":"2019-2","comment":"autosave"},
{"date":"2019-03-27T16:02:49.157Z","fileId":"2019-2","comment":"autosave"},
{"date":"2019-03-27T16:07:49.207Z","fileId":"2019-2","comment":"autosave"},
{"date":"2019-03-27T16:12:49.260Z","fileId":"2019-2","comment":"autosave"},
{"date":"2019-03-27T16:17:49.267Z","fileId":"2019-2","comment":"autosave"},
{"date":"2019-03-27T16:22:49.371Z","fileId":"2019-2","comment":"autosave"},
{"date":"2019-03-27T16:27:49.437Z","fileId":"2019-2","comment":"autosave"},
{"date":"2019-03-27T16:32:49.467Z","fileId":"2019-2","comment":"autosave"},
{"date":"2019-03-27T16:37:49.507Z","fileId":"2019-2","comment":"autosave"},
{"date":"2019-03-27T16:42:49.607Z","fileId":"2019-2","comment":"autosave"},
{"date":"2019-03-27T16:47:49.702Z","fileId":"2019-2","comment":"autosave"},
{"date":"2019-03-27T16:52:49.804Z","fileId":"2019-2","comment":"autosave"},
{"date":"2019-03-27T16:57:49.885Z","fileId":"2019-2","comment":"autosave"},
{"date":"2019-03-27T17:02:49.972Z","fileId":"2019-2","comment":"autosave"},
{"date":"2019-03-27T17:07:50.074Z","fileId":"2019-2","comment":"autosave"},
{"date":"2019-03-27T17:12:50.170Z","fileId":"2019-2","comment":"autosave"},
{"date":"2019-03-27T17:17:50.197Z","fileId":"2019-2","comment":"autosave"},
{"date":"2019-03-27T17:22:50.293Z","fileId":"2019-2","comment":"autosave"},
{"date":"2019-03-27T17:27:50.394Z","fileId":"2019-2","comment":"autosave"},
{"date":"2019-03-27T17:32:50.495Z","fileId":"2019-2","comment":"autosave"},
{"date":"2019-03-27T17:37:50.597Z","fileId":"2019-2","comment":"autosave"},
{"date":"2019-03-27T17:42:50.695Z","fileId":"2019-2","comment":"autosave"},
{"date":"2019-03-27T17:47:50.792Z","fileId":"2019-2","comment":"autosave"},
{"date":"2019-03-27T17:52:50.894Z","fileId":"2019-2","comment":"autosave"},
{"date":"2019-03-27T17:57:50.994Z","fileId":"2019-2","comment":"autosave"},
{"date":"2019-03-27T18:02:51.077Z","fileId":"2019-2","comment":"autosave"},
{"date":"2019-03-27T18:07:51.172Z","fileId":"2019-2","comment":"autosave"},
{"date":"2019-03-27T18:12:51.267Z","fileId":"2019-2","comment":"autosave"},
{"date":"2019-03-27T18:17:51.361Z","fileId":"2019-2","comment":"autosave"},
{"date":"2019-03-27T18:22:51.457Z","fileId":"2019-2","comment":"autosave"},
{"date":"2019-03-27T18:27:51.557Z","fileId":"2019-2","comment":"autosave"},
{"date":"2019-03-27T18:32:51.652Z","fileId":"2019-2","comment":"autosave"},
{"date":"2019-03-27T18:37:51.753Z","fileId":"2019-2","comment":"autosave"},
{"date":"2019-03-27T18:42:51.846Z","fileId":"2019-2","comment":"autosave"},
{"date":"2019-03-27T18:47:51.946Z","fileId":"2019-2","comment":"autosave"},
{"date":"2019-03-27T18:52:51.979Z","fileId":"2019-2","comment":"autosave"},
{"date":"2019-03-27T18:57:52.004Z","fileId":"2019-2","comment":"autosave"},
{"date":"2019-03-27T19:02:52.105Z","fileId":"2019-2","comment":"autosave"},
{"date":"2019-03-27T19:07:52.207Z","fileId":"2019-2","comment":"autosave"},
{"date":"2019-03-27T19:12:52.285Z","fileId":"2019-2","comment":"autosave"},
{"date":"2019-03-27T19:17:52.347Z","fileId":"2019-2","comment":"autosave"},
{"date":"2019-03-27T19:22:52.417Z","fileId":"2019-2","comment":"autosave"},
{"date":"2019-03-27T19:27:52.464Z","fileId":"2019-2","comment":"autosave"},
{"date":"2019-03-27T19:32:52.509Z","fileId":"2019-2","comment":"autosave"},
{"date":"2019-03-27T19:37:52.613Z","fileId":"2019-2","comment":"autosave"},
{"date":"2019-03-27T19:42:52.710Z","fileId":"2019-2","comment":"autosave"},
{"date":"2019-03-27T19:47:52.760Z","fileId":"2019-2","comment":"autosave"},
{"date":"2019-03-27T19:52:52.860Z","fileId":"2019-2","comment":"autosave"},
{"date":"2019-03-27T19:57:52.881Z","fileId":"2019-2","comment":"autosave"},
{"date":"2019-03-27T20:02:52.982Z","fileId":"2019-2","comment":"autosave"},
{"date":"2019-03-27T20:07:53.084Z","fileId":"2019-2","comment":"autosave"},
{"date":"2019-03-27T20:12:53.183Z","fileId":"2019-2","comment":"autosave"},
{"date":"2019-03-27T20:17:53.201Z","fileId":"2019-2","comment":"autosave"},
{"date":"2019-03-27T20:22:53.293Z","fileId":"2019-2","comment":"autosave"},
{"date":"2019-03-27T20:27:53.321Z","fileId":"2019-2","comment":"autosave"},
{"date":"2019-03-27T20:32:53.423Z","fileId":"2019-2","comment":"autosave"},
{"date":"2019-03-27T20:37:53.522Z","fileId":"2019-2","comment":"autosave"},
{"date":"2019-03-27T20:42:53.621Z","fileId":"2019-2","comment":"autosave"},
{"date":"2019-03-27T20:47:53.720Z","fileId":"2019-2","comment":"autosave"},
{"date":"2019-03-27T20:52:53.779Z","fileId":"2019-2","comment":"autosave"},
{"date":"2019-03-27T20:57:53.818Z","fileId":"2019-2","comment":"autosave"},
{"date":"2019-03-27T21:02:53.909Z","fileId":"2019-2","comment":"autosave"},
{"date":"2019-03-27T21:07:54.005Z","fileId":"2019-2","comment":"autosave"},
{"date":"2019-03-27T21:12:54.108Z","fileId":"2019-2","comment":"autosave"},
{"date":"2019-03-27T21:17:54.209Z","fileId":"2019-2","comment":"autosave"},
{"date":"2019-03-27T21:22:54.220Z","fileId":"2019-2","comment":"autosave"},
{"date":"2019-03-27T21:27:54.321Z","fileId":"2019-2","comment":"autosave"},
{"date":"2019-03-27T21:32:54.417Z","fileId":"2019-2","comment":"autosave"},
{"date":"2019-03-27T21:37:54.519Z","fileId":"2019-2","comment":"autosave"},
{"date":"2019-03-27T21:42:54.558Z","fileId":"2019-2","comment":"autosave"},
{"date":"2019-03-27T21:47:54.633Z","fileId":"2019-2","comment":"autosave"},
{"date":"2019-03-27T21:52:54.720Z","fileId":"2019-2","comment":"autosave"},
{"date":"2019-03-27T21:57:54.820Z","fileId":"2019-2","comment":"autosave"},
{"date":"2019-03-27T22:02:54.918Z","fileId":"2019-2","comment":"autosave"},
{"date":"2019-03-27T22:07:54.944Z","fileId":"2019-2","comment":"autosave"},
{"date":"2019-03-27T22:12:54.962Z","fileId":"2019-2","comment":"autosave"},
{"date":"2019-03-27T22:17:55.063Z","fileId":"2019-2","comment":"autosave"},
{"date":"2019-03-27T22:22:55.149Z","fileId":"2019-2","comment":"autosave"},
{"date":"2019-03-27T22:27:55.252Z","fileId":"2019-2","comment":"autosave"},
{"date":"2019-03-27T22:32:55.289Z","fileId":"2019-2","comment":"autosave"},
{"date":"2019-03-27T22:37:55.388Z","fileId":"2019-2","comment":"autosave"},
{"date":"2019-03-27T22:42:55.414Z","fileId":"2019-2","comment":"autosave"},
{"date":"2019-03-27T22:47:55.513Z","fileId":"2019-2","comment":"autosave"},
{"date":"2019-03-27T22:52:55.589Z","fileId":"2019-2","comment":"autosave"},
{"date":"2019-03-27T22:57:55.706Z","fileId":"2019-2","comment":"autosave"},
{"date":"2019-03-27T23:02:55.786Z","fileId":"2019-2","comment":"autosave"},
{"date":"2019-03-27T23:07:55.896Z","fileId":"2019-2","comment":"autosave"},
{"date":"2019-03-27T23:12:55.997Z","fileId":"2019-2","comment":"autosave"},
{"date":"2019-03-27T23:17:56.079Z","fileId":"2019-2","comment":"autosave"},
{"date":"2019-03-27T23:22:56.178Z","fileId":"2019-2","comment":"autosave"},
{"date":"2019-03-27T23:27:56.280Z","fileId":"2019-2","comment":"autosave"},
{"date":"2019-03-27T23:32:56.354Z","fileId":"2019-2","comment":"autosave"},
{"date":"2019-03-27T23:37:56.367Z","fileId":"2019-2","comment":"autosave"},
{"date":"2019-03-27T23:42:56.467Z","fileId":"2019-2","comment":"autosave"},
{"date":"2019-03-27T23:47:56.472Z","fileId":"2019-2","comment":"autosave"},
{"date":"2019-03-27T23:52:56.524Z","fileId":"2019-2","comment":"autosave"},
{"date":"2019-03-27T23:57:56.566Z","fileId":"2019-2","comment":"autosave"},
{"date":"2019-03-28T00:02:56.568Z","fileId":"2019-2","comment":"autosave"},
{"date":"2019-03-28T00:07:56.589Z","fileId":"2019-2","comment":"autosave"},
{"date":"2019-03-28T00:12:56.601Z","fileId":"2019-2","comment":"autosave"},
{"date":"2019-03-28T00:17:56.605Z","fileId":"2019-2","comment":"autosave"},
{"date":"2019-03-28T00:22:56.704Z","fileId":"2019-2","comment":"autosave"},
{"date":"2019-03-28T00:27:56.805Z","fileId":"2019-2","comment":"autosave"},
{"date":"2019-03-28T00:32:56.809Z","fileId":"2019-2","comment":"autosave"},
{"date":"2019-03-28T00:37:56.874Z","fileId":"2019-2","comment":"autosave"},
{"date":"2019-03-28T00:42:56.878Z","fileId":"2019-2","comment":"autosave"},
{"date":"2019-03-28T00:47:56.978Z","fileId":"2019-2","comment":"autosave"},
